{
  "stats": {
    "suites": 1,
    "tests": 1,
    "passes": 0,
    "pending": 0,
    "failures": 1,
    "start": "2023-08-22T12:48:06.709Z",
    "end": "2023-08-22T12:48:36.936Z",
    "duration": 30227,
    "testsRegistered": 1,
    "passPercent": 0,
    "pendingPercent": 0,
    "other": 0,
    "hasOther": false,
    "skipped": 0,
    "hasSkipped": false
  },
  "results": [
    {
      "uuid": "2629610a-3139-4ced-8639-9ea3dccb50a4",
      "title": "",
      "fullFile": "cypress\\e2e\\VerveAccess-UI-Tests-UAT\\C-VerveUserUATTests\\Requests.cy.js",
      "file": "cypress\\e2e\\VerveAccess-UI-Tests-UAT\\C-VerveUserUATTests\\Requests.cy.js",
      "beforeHooks": [],
      "afterHooks": [],
      "tests": [],
      "suites": [
        {
          "uuid": "51293810-8d74-4a1a-897a-8d2f237651fc",
          "title": "visit Verve Access",
          "fullFile": "",
          "file": "",
          "beforeHooks": [],
          "afterHooks": [],
          "tests": [
            {
              "title": "should test for url, Navigate to Request page and search",
              "fullTitle": "visit Verve Access should test for url, Navigate to Request page and search",
              "timedOut": null,
              "duration": 29580,
              "state": "failed",
              "speed": null,
              "pass": false,
              "fail": true,
              "pending": false,
              "context": null,
              "code": "cy.title().should('eq', 'Verve Access');\ncy.location('protocol').should('eq', 'https:'); // /cy.contains('Get Started Now').click({timeout : 2000})\ncy.url().should('include', 'admin');\ncy.reload({\n  timeout: 130000\n});\ncy.get('form').within($form => {\n  ln.setUserName(Cypress.env('verveUser'));\n  ln.setPassword(Cypress.env('verveUserPass'));\n  ln.clickSubmit();\n});\ncy.get('.ant-dropdown-link > .sidebar-svg').click().wait(3000);\ncy.contains('VERVE ADMIN').should('be.visible'); //cy.get('.red').click()        \nconst yourFixturePath = 'files/verve.jpg'; // Search by complete Request Title\ncy.get('#burger-cont > :nth-child(3)').click();\ncy.get('#sidebar > .sidebar-container > #side-nav > .isw-sideBarNav > :nth-child(12) > .isw-sideBarNavLink > .isw-sideBarNavLabel').click(); // should see Request setting\ncy.contains('Request Setting').should('be.visible'); // Navigate to request setting\ncy.get('.ant-btn').click(); // return to Request page\ncy.get('.title-section > svg').click(); // Navigate to open and closed tab\ncy.get('[aria-selected=\"false\"] > span').click();\ncy.wait(8000);\ncy.reload();\ncy.get('#burger-cont > :nth-child(3)').click();\ncy.get('#sidebar > .sidebar-container > #side-nav > .isw-sideBarNav > :nth-child(12) > .isw-sideBarNavLink > .isw-sideBarNavLabel').click(); //Download request\n// ccy.get(\"//li[1]//span[5]//i[1]//*[name()='svg']\").trigger('mouseover')",
              "err": {
                "message": "AssertionError: Timed out retrying after 20000ms: expected 'Dashboard | Verve Access' to equal 'Verve Access'",
                "estack": "AssertionError: Timed out retrying after 20000ms: expected 'Dashboard | Verve Access' to equal 'Verve Access'\n    at Context.eval (https://verve-access-customer.k8.isw.la/__cypress/tests?p=cypress\\e2e\\VerveAccess-UI-Tests-UAT\\C-VerveUserUATTests\\Requests.cy.js:379:16)",
                "diff": "- 'Dashboard | Verve Access'\n+ 'Verve Access'\n"
              },
              "uuid": "9b4d78ab-ae89-460f-83a2-e64c6e8e10e2",
              "parentUUID": "51293810-8d74-4a1a-897a-8d2f237651fc",
              "isHook": false,
              "skipped": false
            }
          ],
          "suites": [],
          "passes": [],
          "failures": [
            "9b4d78ab-ae89-460f-83a2-e64c6e8e10e2"
          ],
          "pending": [],
          "skipped": [],
          "duration": 29580,
          "root": false,
          "rootEmpty": false,
          "_timeout": 2000
        }
      ],
      "passes": [],
      "failures": [],
      "pending": [],
      "skipped": [],
      "duration": 0,
      "root": true,
      "rootEmpty": true,
      "_timeout": 2000
    }
  ],
  "meta": {
    "mocha": {
      "version": "7.0.1"
    },
    "mochawesome": {
      "options": {
        "quiet": false,
        "reportFilename": "mochawesome",
        "saveHtml": true,
        "saveJson": true,
        "consoleReporter": "spec",
        "useInlineDiffs": false,
        "code": true
      },
      "version": "7.1.3"
    },
    "marge": {
      "options": {
        "id": "default",
        "reportDir": "cypress/reports/mocha",
        "mochaFile": "cypress/reports/results/my-test-output-[hash].xml",
        "quite": true,
        "overwrite": false,
        "html": true,
        "json": true
      },
      "version": "6.2.0"
    }
  }
}