{
  "stats": {
    "suites": 1,
    "tests": 1,
    "passes": 0,
    "pending": 0,
    "failures": 1,
    "start": "2023-08-22T09:45:01.575Z",
    "end": "2023-08-22T09:45:31.491Z",
    "duration": 29916,
    "testsRegistered": 9,
    "passPercent": 0,
    "pendingPercent": 0,
    "other": 0,
    "hasOther": false,
    "skipped": 8,
    "hasSkipped": true
  },
  "results": [
    {
      "uuid": "ff112df0-c3eb-42f5-b4bb-734019b85bc3",
      "title": "",
      "fullFile": "cypress\\e2e\\VerveAccess-UI-Tests-UAT\\C-VerveUserUATTests\\Reports.cy.js",
      "file": "cypress\\e2e\\VerveAccess-UI-Tests-UAT\\C-VerveUserUATTests\\Reports.cy.js",
      "beforeHooks": [],
      "afterHooks": [],
      "tests": [],
      "suites": [
        {
          "uuid": "10a55134-b78a-4338-9d8c-da7622522b2c",
          "title": "visit Verve Access",
          "fullFile": "",
          "file": "",
          "beforeHooks": [],
          "afterHooks": [],
          "tests": [
            {
              "title": "Search by  complete Report Title",
              "fullTitle": "visit Verve Access Search by  complete Report Title",
              "timedOut": null,
              "duration": 29605,
              "state": "failed",
              "speed": null,
              "pass": false,
              "fail": true,
              "pending": false,
              "context": null,
              "code": "// Search by  complete Report Title\nRp.setGoToReportPage2();\nRp.setSearch('unwhitelistcardtemplate - without PAN (1).xls'); //Rp.setVerifySearch('unwhitelistcardtemplate - without PAN (1).xls')\nln.setLogout();",
              "err": {
                "message": "AssertionError: Timed out retrying after 20000ms: expected 'Dashboard | Verve Access' to equal 'Verve Access'\n\nBecause this error occurred during a `before all` hook we are skipping the remaining tests in the current suite: `visit Verve Access`",
                "estack": "AssertionError: Timed out retrying after 20000ms: expected 'Dashboard | Verve Access' to equal 'Verve Access'\n\nBecause this error occurred during a `before all` hook we are skipping the remaining tests in the current suite: `visit Verve Access`\n    at Context.eval (https://verve-access-customer.k8.isw.la/__cypress/tests?p=cypress\\e2e\\VerveAccess-UI-Tests-UAT\\C-VerveUserUATTests\\Reports.cy.js:212:16)",
                "diff": "- '\\'Dashboard | Verve Access\\''\n+ '\\'Verve Access\\''\n"
              },
              "uuid": "9fc2750a-1ed4-438d-a5df-b1f1676e2472",
              "parentUUID": "10a55134-b78a-4338-9d8c-da7622522b2c",
              "isHook": false,
              "skipped": false
            },
            {
              "title": "Search by  Incomplete Report Title",
              "fullTitle": "visit Verve Access Search by  Incomplete Report Title",
              "timedOut": null,
              "duration": 0,
              "state": "skipped",
              "speed": null,
              "pass": false,
              "fail": false,
              "pending": false,
              "context": null,
              "code": "// Search by  Incomplete Report Title\nRp.setGoToReportPage2();\nRp.setSearch('unwhitelistcardtemplate'); // Rp.setVerifySearch('unwhitelistcardtemplate')\nln.setLogout();",
              "err": {},
              "uuid": "8d0773a1-dd6a-490d-b3db-bd3af5f99108",
              "parentUUID": "10a55134-b78a-4338-9d8c-da7622522b2c",
              "isHook": false,
              "skipped": true
            },
            {
              "title": "Search by  non-existing Title",
              "fullTitle": "visit Verve Access Search by  non-existing Title",
              "timedOut": null,
              "duration": 0,
              "state": "skipped",
              "speed": null,
              "pass": false,
              "fail": false,
              "pending": false,
              "context": null,
              "code": "// Search by  non-existing Title\nRp.setGoToReportPage2();\nRp.setSearch(\"trjshdjdh udnskvfki\");\nRp.setClickSearch();\nRp.setVerifySearch(\"No Data to Display\");\nln.setLogout();",
              "err": {},
              "uuid": "422bcdc3-ae7a-4256-ba6d-d7c705590674",
              "parentUUID": "10a55134-b78a-4338-9d8c-da7622522b2c",
              "isHook": false,
              "skipped": true
            },
            {
              "title": "it should search for Report of last 30 days",
              "fullTitle": "visit Verve Access it should search for Report of last 30 days",
              "timedOut": null,
              "duration": 0,
              "state": "skipped",
              "speed": null,
              "pass": false,
              "fail": false,
              "pending": false,
              "context": null,
              "code": "Rp.setGoToReportPage2();\nRp.setselectFilter();\nRp.setDateTolast30days();\nln.setLogout();",
              "err": {},
              "uuid": "48facbfa-ccd8-4eaa-b3d6-1d0f3790b991",
              "parentUUID": "10a55134-b78a-4338-9d8c-da7622522b2c",
              "isHook": false,
              "skipped": true
            },
            {
              "title": "it should search for Report of This Month",
              "fullTitle": "visit Verve Access it should search for Report of This Month",
              "timedOut": null,
              "duration": 0,
              "state": "skipped",
              "speed": null,
              "pass": false,
              "fail": false,
              "pending": false,
              "context": null,
              "code": "Rp.setGoToReportPage2();\nRp.setselectFilter();\nRp.setDateToThisMonth();\nln.setLogout();",
              "err": {},
              "uuid": "716b9449-8794-40e9-995d-038c69f7f43c",
              "parentUUID": "10a55134-b78a-4338-9d8c-da7622522b2c",
              "isHook": false,
              "skipped": true
            },
            {
              "title": "it should search for Report of last Month",
              "fullTitle": "visit Verve Access it should search for Report of last Month",
              "timedOut": null,
              "duration": 0,
              "state": "skipped",
              "speed": null,
              "pass": false,
              "fail": false,
              "pending": false,
              "context": null,
              "code": "Rp.setGoToReportPage2();\nRp.setselectFilter();\nRp.setDateToLastMonth();\nln.setLogout();",
              "err": {},
              "uuid": "3c531a01-7876-493b-8547-05e8e099801f",
              "parentUUID": "10a55134-b78a-4338-9d8c-da7622522b2c",
              "isHook": false,
              "skipped": true
            },
            {
              "title": "it should search for Report of Today",
              "fullTitle": "visit Verve Access it should search for Report of Today",
              "timedOut": null,
              "duration": 0,
              "state": "skipped",
              "speed": null,
              "pass": false,
              "fail": false,
              "pending": false,
              "context": null,
              "code": "Rp.setGoToReportPage2();\nRp.setselectFilter();\nRp.setDateToToday();\nln.setLogout();",
              "err": {},
              "uuid": "47e5784f-2808-40fa-bffa-d7f6841c1c93",
              "parentUUID": "10a55134-b78a-4338-9d8c-da7622522b2c",
              "isHook": false,
              "skipped": true
            },
            {
              "title": "it should search for Report of Yesterday",
              "fullTitle": "visit Verve Access it should search for Report of Yesterday",
              "timedOut": null,
              "duration": 0,
              "state": "skipped",
              "speed": null,
              "pass": false,
              "fail": false,
              "pending": false,
              "context": null,
              "code": "Rp.setGoToReportPage2();\nRp.setselectFilter();\nRp.setDateToYesterday();\nln.setLogout();",
              "err": {},
              "uuid": "87a4e044-edfa-4c7b-8a58-57d4b5944a4b",
              "parentUUID": "10a55134-b78a-4338-9d8c-da7622522b2c",
              "isHook": false,
              "skipped": true
            },
            {
              "title": "it should search for Report of last seven days",
              "fullTitle": "visit Verve Access it should search for Report of last seven days",
              "timedOut": null,
              "duration": 0,
              "state": "skipped",
              "speed": null,
              "pass": false,
              "fail": false,
              "pending": false,
              "context": null,
              "code": "Rp.setGoToReportPage2();\nRp.setselectFilter();\nRp.setDateToLast7Days();\nln.setLogout();",
              "err": {},
              "uuid": "6adc8989-153b-415f-8b8b-ca69cd182069",
              "parentUUID": "10a55134-b78a-4338-9d8c-da7622522b2c",
              "isHook": false,
              "skipped": true
            }
          ],
          "suites": [],
          "passes": [],
          "failures": [
            "9fc2750a-1ed4-438d-a5df-b1f1676e2472"
          ],
          "pending": [],
          "skipped": [
            "8d0773a1-dd6a-490d-b3db-bd3af5f99108",
            "422bcdc3-ae7a-4256-ba6d-d7c705590674",
            "48facbfa-ccd8-4eaa-b3d6-1d0f3790b991",
            "716b9449-8794-40e9-995d-038c69f7f43c",
            "3c531a01-7876-493b-8547-05e8e099801f",
            "47e5784f-2808-40fa-bffa-d7f6841c1c93",
            "87a4e044-edfa-4c7b-8a58-57d4b5944a4b",
            "6adc8989-153b-415f-8b8b-ca69cd182069"
          ],
          "duration": 29605,
          "root": false,
          "rootEmpty": false,
          "_timeout": 2000
        }
      ],
      "passes": [],
      "failures": [],
      "pending": [],
      "skipped": [],
      "duration": 0,
      "root": true,
      "rootEmpty": true,
      "_timeout": 2000
    }
  ],
  "meta": {
    "mocha": {
      "version": "7.0.1"
    },
    "mochawesome": {
      "options": {
        "quiet": false,
        "reportFilename": "mochawesome",
        "saveHtml": true,
        "saveJson": true,
        "consoleReporter": "spec",
        "useInlineDiffs": false,
        "code": true
      },
      "version": "7.1.3"
    },
    "marge": {
      "options": {
        "id": "default",
        "reportDir": "cypress/reports/mocha",
        "mochaFile": "cypress/reports/results/my-test-output-[hash].xml",
        "quite": true,
        "overwrite": false,
        "html": true,
        "json": true
      },
      "version": "6.2.0"
    }
  }
}