{
  "stats": {
    "suites": 1,
    "tests": 1,
    "passes": 0,
    "pending": 0,
    "failures": 1,
    "start": "2023-08-22T09:41:05.776Z",
    "end": "2023-08-22T09:41:35.739Z",
    "duration": 29963,
    "testsRegistered": 18,
    "passPercent": 0,
    "pendingPercent": 0,
    "other": 0,
    "hasOther": false,
    "skipped": 17,
    "hasSkipped": true
  },
  "results": [
    {
      "uuid": "2e383ec1-b901-4c2b-95f1-e4c85f2ac2f3",
      "title": "",
      "fullFile": "cypress\\e2e\\VerveAccess-UI-Tests-UAT\\C-VerveUserUATTests\\Decals.cy.js",
      "file": "cypress\\e2e\\VerveAccess-UI-Tests-UAT\\C-VerveUserUATTests\\Decals.cy.js",
      "beforeHooks": [],
      "afterHooks": [],
      "tests": [],
      "suites": [
        {
          "uuid": "87bf4e02-6008-4b48-aaa3-ed80414f8327",
          "title": "visit Verve Access",
          "fullFile": "",
          "file": "",
          "beforeHooks": [],
          "afterHooks": [],
          "tests": [
            {
              "title": "should Search for complete decal on Approved tab ",
              "fullTitle": "visit Verve Access should Search for complete decal on Approved tab ",
              "timedOut": null,
              "duration": 20755,
              "state": "failed",
              "speed": null,
              "pass": false,
              "fail": true,
              "pending": false,
              "context": null,
              "code": "DC.setGoToDecalPage5();\nDC.setinputSearch('Decal Item 41891');\nDC.setsearch();\nDC.setVerifyRequest('Decal Item 41891');\nln.setLogout();",
              "err": {
                "message": "AssertionError: Timed out retrying after 20000ms: Expected to find element: `form`, but never found it.\n\nBecause this error occurred during a `before each` hook we are skipping the remaining tests in the current suite: `visit Verve Access`",
                "estack": "AssertionError: Timed out retrying after 20000ms: Expected to find element: `form`, but never found it.\n\nBecause this error occurred during a `before each` hook we are skipping the remaining tests in the current suite: `visit Verve Access`\n    at Context.eval (https://verve-access-customer.k8.isw.la/__cypress/tests?p=cypress\\e2e\\VerveAccess-UI-Tests-UAT\\C-VerveUserUATTests\\Decals.cy.js:419:8)",
                "diff": null
              },
              "uuid": "6984cf95-5479-4e69-b868-99f469469914",
              "parentUUID": "87bf4e02-6008-4b48-aaa3-ed80414f8327",
              "isHook": false,
              "skipped": false
            },
            {
              "title": "should Search for incomplete decal on Approved tab",
              "fullTitle": "visit Verve Access should Search for incomplete decal on Approved tab",
              "timedOut": null,
              "duration": 0,
              "state": "skipped",
              "speed": null,
              "pass": false,
              "fail": false,
              "pending": false,
              "context": null,
              "code": "DC.setGoToDecalPage5();\nDC.setinputSearch('Decal It');\nDC.setsearch();\nDC.setVerifyRequest('Decal It');\nln.setLogout();",
              "err": {},
              "uuid": "4eec7aa2-0994-4049-bc0f-33fcad401fc2",
              "parentUUID": "87bf4e02-6008-4b48-aaa3-ed80414f8327",
              "isHook": false,
              "skipped": true
            },
            {
              "title": "should Search for invalid decal on Approved tab",
              "fullTitle": "visit Verve Access should Search for invalid decal on Approved tab",
              "timedOut": null,
              "duration": 0,
              "state": "skipped",
              "speed": null,
              "pass": false,
              "fail": false,
              "pending": false,
              "context": null,
              "code": "DC.setGoToDecalPage5();\nDC.setinputSearch('blahdadka amdakdja');\nDC.setsearch();\nDC.setVerifyRequest('No Data to Display');\nln.setLogout();",
              "err": {},
              "uuid": "e14ea31f-beaa-4db5-9fc9-ce196c77c2c8",
              "parentUUID": "87bf4e02-6008-4b48-aaa3-ed80414f8327",
              "isHook": false,
              "skipped": true
            },
            {
              "title": "should Search for complete decal on Pending tab ",
              "fullTitle": "visit Verve Access should Search for complete decal on Pending tab ",
              "timedOut": null,
              "duration": 0,
              "state": "skipped",
              "speed": null,
              "pass": false,
              "fail": false,
              "pending": false,
              "context": null,
              "code": "DC.setGoToDecalPage5();\nDC.setPendingTab();\nDC.setinputSearch('Decal Item 87545');\nDC.setsearch();\nDC.setVerifyRequest('Decal Item 87545');\nln.setLogout();",
              "err": {},
              "uuid": "6b5b6bb4-3368-4367-9b36-d39f8c1dcd5e",
              "parentUUID": "87bf4e02-6008-4b48-aaa3-ed80414f8327",
              "isHook": false,
              "skipped": true
            },
            {
              "title": "should Search for incomplete decal on Pending  tab",
              "fullTitle": "visit Verve Access should Search for incomplete decal on Pending  tab",
              "timedOut": null,
              "duration": 0,
              "state": "skipped",
              "speed": null,
              "pass": false,
              "fail": false,
              "pending": false,
              "context": null,
              "code": "DC.setGoToDecalPage5();\nDC.setPendingTab();\nDC.setinputSearch('Decal It');\nDC.setsearch();\nDC.setVerifyRequest('Decal It');\nln.setLogout();",
              "err": {},
              "uuid": "663f8ac9-b0b7-4d61-acc8-557c726598e4",
              "parentUUID": "87bf4e02-6008-4b48-aaa3-ed80414f8327",
              "isHook": false,
              "skipped": true
            },
            {
              "title": "should Search for invalid decal on Pending  tab",
              "fullTitle": "visit Verve Access should Search for invalid decal on Pending  tab",
              "timedOut": null,
              "duration": 0,
              "state": "skipped",
              "speed": null,
              "pass": false,
              "fail": false,
              "pending": false,
              "context": null,
              "code": "DC.setGoToDecalPage5();\nDC.setPendingTab();\nDC.setinputSearch('blahdadka amdakdja');\nDC.setsearch();\nDC.setVerifyRequest('No Data to Display');\nln.setLogout();",
              "err": {},
              "uuid": "cc2e095a-a867-4221-bc37-58cfffbad7d4",
              "parentUUID": "87bf4e02-6008-4b48-aaa3-ed80414f8327",
              "isHook": false,
              "skipped": true
            },
            {
              "title": "should Search for complete decal on Rejected tab ",
              "fullTitle": "visit Verve Access should Search for complete decal on Rejected tab ",
              "timedOut": null,
              "duration": 0,
              "state": "skipped",
              "speed": null,
              "pass": false,
              "fail": false,
              "pending": false,
              "context": null,
              "code": "DC.setGoToDecalPage5();\nDC.setRejectedTab();\nDC.setinputSearch('Decal Item 74266');\nDC.setsearch();\nDC.setVerifyRequest('Decal Item 74266');\nln.setLogout();",
              "err": {},
              "uuid": "cde7d4e9-37e6-4927-900d-6a0b5f37a745",
              "parentUUID": "87bf4e02-6008-4b48-aaa3-ed80414f8327",
              "isHook": false,
              "skipped": true
            },
            {
              "title": "should Search for incomplete decal on Rejected  tab",
              "fullTitle": "visit Verve Access should Search for incomplete decal on Rejected  tab",
              "timedOut": null,
              "duration": 0,
              "state": "skipped",
              "speed": null,
              "pass": false,
              "fail": false,
              "pending": false,
              "context": null,
              "code": "DC.setGoToDecalPage5();\nDC.setRejectedTab();\nDC.setinputSearch('Decal It');\nDC.setsearch();\nDC.setVerifyRequest('Decal It');\nln.setLogout();",
              "err": {},
              "uuid": "a46e5dca-c975-4dd0-89c7-5446dc3d0f5a",
              "parentUUID": "87bf4e02-6008-4b48-aaa3-ed80414f8327",
              "isHook": false,
              "skipped": true
            },
            {
              "title": "should Search for invalid decal on Rejected  tab",
              "fullTitle": "visit Verve Access should Search for invalid decal on Rejected  tab",
              "timedOut": null,
              "duration": 0,
              "state": "skipped",
              "speed": null,
              "pass": false,
              "fail": false,
              "pending": false,
              "context": null,
              "code": "DC.setGoToDecalPage5();\nDC.setRejectedTab();\nDC.setinputSearch('blahdadka amdakdja');\nDC.setsearch();\nDC.setVerifyRequest('No Data to Display');\nln.setLogout();",
              "err": {},
              "uuid": "41cbd270-a9e4-479a-8124-6a5ba2f75113",
              "parentUUID": "87bf4e02-6008-4b48-aaa3-ed80414f8327",
              "isHook": false,
              "skipped": true
            },
            {
              "title": "should Search for complete requested decal on Approved tab ",
              "fullTitle": "visit Verve Access should Search for complete requested decal on Approved tab ",
              "timedOut": null,
              "duration": 0,
              "state": "skipped",
              "speed": null,
              "pass": false,
              "fail": false,
              "pending": false,
              "context": null,
              "code": "DC.setGoToDecalPage5();\nDC.setGotoDecalRequest1();\nDC.setinputSearch('Decal Item 41891');\nDC.setsearch();\nDC.setVerifyRequest('Decal Item 41891');\nln.setLogout();",
              "err": {},
              "uuid": "361a7343-b59e-45ee-b1cd-1163c56711e5",
              "parentUUID": "87bf4e02-6008-4b48-aaa3-ed80414f8327",
              "isHook": false,
              "skipped": true
            },
            {
              "title": "should Search for incomplete requested decal on Approved tab",
              "fullTitle": "visit Verve Access should Search for incomplete requested decal on Approved tab",
              "timedOut": null,
              "duration": 0,
              "state": "skipped",
              "speed": null,
              "pass": false,
              "fail": false,
              "pending": false,
              "context": null,
              "code": "DC.setGoToDecalPage5();\nDC.setGotoDecalRequest1();\nDC.setinputSearch('Decal It');\nDC.setsearch();\nDC.setVerifyRequest('Decal It');\nln.setLogout();",
              "err": {},
              "uuid": "30d98250-9aa4-4133-9511-bb3cf049ebaf",
              "parentUUID": "87bf4e02-6008-4b48-aaa3-ed80414f8327",
              "isHook": false,
              "skipped": true
            },
            {
              "title": "should Search for invalid requested decal on Approved tab",
              "fullTitle": "visit Verve Access should Search for invalid requested decal on Approved tab",
              "timedOut": null,
              "duration": 0,
              "state": "skipped",
              "speed": null,
              "pass": false,
              "fail": false,
              "pending": false,
              "context": null,
              "code": "DC.setGoToDecalPage5();\nDC.setGotoDecalRequest1();\nDC.setinputSearch('blahdadka amdakdja');\nDC.setsearch();\nDC.setVerifyRequest('No Data to Display');\nln.setLogout();",
              "err": {},
              "uuid": "34ceaa77-dbef-4d7e-9ef6-3fab47ebf57e",
              "parentUUID": "87bf4e02-6008-4b48-aaa3-ed80414f8327",
              "isHook": false,
              "skipped": true
            },
            {
              "title": "should Search for complete requested decal on Pending tab ",
              "fullTitle": "visit Verve Access should Search for complete requested decal on Pending tab ",
              "timedOut": null,
              "duration": 0,
              "state": "skipped",
              "speed": null,
              "pass": false,
              "fail": false,
              "pending": false,
              "context": null,
              "code": "DC.setGoToDecalPage5();\nDC.setGotoDecalRequest1();\nDC.setPendingTab();\nDC.setinputSearch('Decal Item 87545');\nDC.setsearch();\nDC.setVerifyRequest('Decal Item 87545');\nln.setLogout();",
              "err": {},
              "uuid": "af03727b-bbae-4bb0-a166-f6c8bd0aef5d",
              "parentUUID": "87bf4e02-6008-4b48-aaa3-ed80414f8327",
              "isHook": false,
              "skipped": true
            },
            {
              "title": "should Search for incomplete requested decal on Pending  tab",
              "fullTitle": "visit Verve Access should Search for incomplete requested decal on Pending  tab",
              "timedOut": null,
              "duration": 0,
              "state": "skipped",
              "speed": null,
              "pass": false,
              "fail": false,
              "pending": false,
              "context": null,
              "code": "DC.setGoToDecalPage5();\nDC.setGotoDecalRequest1();\nDC.setPendingTab();\nDC.setinputSearch('Decal It');\nDC.setsearch();\nDC.setVerifyRequest('Decal It');\nln.setLogout();",
              "err": {},
              "uuid": "dc47d123-319c-486f-80d3-3b3af4a1c58f",
              "parentUUID": "87bf4e02-6008-4b48-aaa3-ed80414f8327",
              "isHook": false,
              "skipped": true
            },
            {
              "title": "should Search for invalid requested decal on Pending  tab",
              "fullTitle": "visit Verve Access should Search for invalid requested decal on Pending  tab",
              "timedOut": null,
              "duration": 0,
              "state": "skipped",
              "speed": null,
              "pass": false,
              "fail": false,
              "pending": false,
              "context": null,
              "code": "DC.setGoToDecalPage5();\nDC.setGotoDecalRequest1();\nDC.setPendingTab();\nDC.setinputSearch('blahdadka amdakdja');\nDC.setsearch();\nDC.setVerifyRequest('No Data to Display');\nln.setLogout();",
              "err": {},
              "uuid": "7084d9ad-579b-4731-840b-58a19c61b5b0",
              "parentUUID": "87bf4e02-6008-4b48-aaa3-ed80414f8327",
              "isHook": false,
              "skipped": true
            },
            {
              "title": "should Search for complete requested decal on Rejected tab ",
              "fullTitle": "visit Verve Access should Search for complete requested decal on Rejected tab ",
              "timedOut": null,
              "duration": 0,
              "state": "skipped",
              "speed": null,
              "pass": false,
              "fail": false,
              "pending": false,
              "context": null,
              "code": "DC.setGoToDecalPage5();\nDC.setGotoDecalRequest1();\nDC.setRejectedTab();\nDC.setinputSearch('Decal85225');\nDC.setsearch();\nDC.setVerifyRequest('Decal85225');\nln.setLogout();",
              "err": {},
              "uuid": "3124fa31-3df9-44d0-8b6d-de8e9c63c133",
              "parentUUID": "87bf4e02-6008-4b48-aaa3-ed80414f8327",
              "isHook": false,
              "skipped": true
            },
            {
              "title": "should Search for incomplete requested decal on Rejected  tab",
              "fullTitle": "visit Verve Access should Search for incomplete requested decal on Rejected  tab",
              "timedOut": null,
              "duration": 0,
              "state": "skipped",
              "speed": null,
              "pass": false,
              "fail": false,
              "pending": false,
              "context": null,
              "code": "DC.setGoToDecalPage5();\nDC.setGotoDecalRequest1();\nDC.setRejectedTab();\nDC.setinputSearch('Decal');\nDC.setsearch(); // DC.setVerifyRequest('Decal')\nln.setLogout();",
              "err": {},
              "uuid": "36e628fe-ee0e-4447-881e-68fd9f90abb5",
              "parentUUID": "87bf4e02-6008-4b48-aaa3-ed80414f8327",
              "isHook": false,
              "skipped": true
            },
            {
              "title": "should Search for invalid requested decal on Rejected  tab",
              "fullTitle": "visit Verve Access should Search for invalid requested decal on Rejected  tab",
              "timedOut": null,
              "duration": 0,
              "state": "skipped",
              "speed": null,
              "pass": false,
              "fail": false,
              "pending": false,
              "context": null,
              "code": "DC.setGoToDecalPage5();\nDC.setGotoDecalRequest1();\nDC.setRejectedTab();\nDC.setinputSearch('blahdadka amdakdja');\nDC.setsearch();\nDC.setVerifyRequest('No Data to Display');\nln.setLogout();",
              "err": {},
              "uuid": "df279768-86b3-45c2-a1a7-d9979df69109",
              "parentUUID": "87bf4e02-6008-4b48-aaa3-ed80414f8327",
              "isHook": false,
              "skipped": true
            }
          ],
          "suites": [],
          "passes": [],
          "failures": [
            "6984cf95-5479-4e69-b868-99f469469914"
          ],
          "pending": [],
          "skipped": [
            "4eec7aa2-0994-4049-bc0f-33fcad401fc2",
            "e14ea31f-beaa-4db5-9fc9-ce196c77c2c8",
            "6b5b6bb4-3368-4367-9b36-d39f8c1dcd5e",
            "663f8ac9-b0b7-4d61-acc8-557c726598e4",
            "cc2e095a-a867-4221-bc37-58cfffbad7d4",
            "cde7d4e9-37e6-4927-900d-6a0b5f37a745",
            "a46e5dca-c975-4dd0-89c7-5446dc3d0f5a",
            "41cbd270-a9e4-479a-8124-6a5ba2f75113",
            "361a7343-b59e-45ee-b1cd-1163c56711e5",
            "30d98250-9aa4-4133-9511-bb3cf049ebaf",
            "34ceaa77-dbef-4d7e-9ef6-3fab47ebf57e",
            "af03727b-bbae-4bb0-a166-f6c8bd0aef5d",
            "dc47d123-319c-486f-80d3-3b3af4a1c58f",
            "7084d9ad-579b-4731-840b-58a19c61b5b0",
            "3124fa31-3df9-44d0-8b6d-de8e9c63c133",
            "36e628fe-ee0e-4447-881e-68fd9f90abb5",
            "df279768-86b3-45c2-a1a7-d9979df69109"
          ],
          "duration": 20755,
          "root": false,
          "rootEmpty": false,
          "_timeout": 2000
        }
      ],
      "passes": [],
      "failures": [],
      "pending": [],
      "skipped": [],
      "duration": 0,
      "root": true,
      "rootEmpty": true,
      "_timeout": 2000
    }
  ],
  "meta": {
    "mocha": {
      "version": "7.0.1"
    },
    "mochawesome": {
      "options": {
        "quiet": false,
        "reportFilename": "mochawesome",
        "saveHtml": true,
        "saveJson": true,
        "consoleReporter": "spec",
        "useInlineDiffs": false,
        "code": true
      },
      "version": "7.1.3"
    },
    "marge": {
      "options": {
        "id": "default",
        "reportDir": "cypress/reports/mocha",
        "mochaFile": "cypress/reports/results/my-test-output-[hash].xml",
        "quite": true,
        "overwrite": false,
        "html": true,
        "json": true
      },
      "version": "6.2.0"
    }
  }
}