{
  "stats": {
    "suites": 1,
    "tests": 9,
    "passes": 9,
    "pending": 0,
    "failures": 0,
    "start": "2023-08-22T09:27:26.648Z",
    "end": "2023-08-22T09:32:49.312Z",
    "duration": 322664,
    "testsRegistered": 9,
    "passPercent": 100,
    "pendingPercent": 0,
    "other": 0,
    "hasOther": false,
    "skipped": 0,
    "hasSkipped": false
  },
  "results": [
    {
      "uuid": "32ae91ed-c8d6-47eb-8587-e1f51ed2e32b",
      "title": "",
      "fullFile": "cypress\\e2e\\VerveAccess-UI-Tests-UAT\\D-VerveAdminUATTests\\Reports.cy.js",
      "file": "cypress\\e2e\\VerveAccess-UI-Tests-UAT\\D-VerveAdminUATTests\\Reports.cy.js",
      "beforeHooks": [],
      "afterHooks": [],
      "tests": [],
      "suites": [
        {
          "uuid": "000ed7ee-552a-4c2d-b180-eaddd1373f9b",
          "title": "visit Verve Access",
          "fullFile": "",
          "file": "",
          "beforeHooks": [],
          "afterHooks": [],
          "tests": [
            {
              "title": "Search by  complete Report Title",
              "fullTitle": "visit Verve Access Search by  complete Report Title",
              "timedOut": null,
              "duration": 43100,
              "state": "passed",
              "speed": "slow",
              "pass": true,
              "fail": false,
              "pending": false,
              "context": null,
              "code": "// Search by  complete Report Title\nRp.setGoToReportPage();\nRp.setSearch('unwhitelistcardtemplate - without PAN (1).xls'); //Rp.setVerifySearch('unwhitelistcardtemplate - without PAN (1).xls')\nln.setLogout();",
              "err": {},
              "uuid": "9d0caa28-2bc6-46e7-b4e5-f065f4f765d8",
              "parentUUID": "000ed7ee-552a-4c2d-b180-eaddd1373f9b",
              "isHook": false,
              "skipped": false
            },
            {
              "title": "Search by  Incomplete Report Title",
              "fullTitle": "visit Verve Access Search by  Incomplete Report Title",
              "timedOut": null,
              "duration": 35205,
              "state": "passed",
              "speed": "slow",
              "pass": true,
              "fail": false,
              "pending": false,
              "context": null,
              "code": "// Search by  Incomplete Report Title\nRp.setGoToReportPage();\nRp.setSearch('unwhitelistcardtemplate'); // Rp.setVerifySearch('unwhitelistcardtemplate')\nln.setLogout();",
              "err": {},
              "uuid": "32ce1947-a2b0-4b2c-a23f-1790891a8c61",
              "parentUUID": "000ed7ee-552a-4c2d-b180-eaddd1373f9b",
              "isHook": false,
              "skipped": false
            },
            {
              "title": "Search by  non-existing Title",
              "fullTitle": "visit Verve Access Search by  non-existing Title",
              "timedOut": null,
              "duration": 36085,
              "state": "passed",
              "speed": "slow",
              "pass": true,
              "fail": false,
              "pending": false,
              "context": null,
              "code": "// Search by  non-existing Title\nRp.setGoToReportPage();\nRp.setSearch(\"trjshdjdh udnskvfki\");\nRp.setClickSearch();\nRp.setVerifySearch(\"No Data to Display\");\nln.setLogout();",
              "err": {},
              "uuid": "2ec6d379-beed-47a2-b2db-e8a6394700c7",
              "parentUUID": "000ed7ee-552a-4c2d-b180-eaddd1373f9b",
              "isHook": false,
              "skipped": false
            },
            {
              "title": "it should search for Report of last 30 days",
              "fullTitle": "visit Verve Access it should search for Report of last 30 days",
              "timedOut": null,
              "duration": 34158,
              "state": "passed",
              "speed": "slow",
              "pass": true,
              "fail": false,
              "pending": false,
              "context": null,
              "code": "Rp.setGoToReportPage();\nRp.setselectFilter();\nRp.setDateTolast30days();\nln.setLogout();",
              "err": {},
              "uuid": "6dccec4f-e448-4327-b586-cc512460d07a",
              "parentUUID": "000ed7ee-552a-4c2d-b180-eaddd1373f9b",
              "isHook": false,
              "skipped": false
            },
            {
              "title": "it should search for Report of This Month",
              "fullTitle": "visit Verve Access it should search for Report of This Month",
              "timedOut": null,
              "duration": 34835,
              "state": "passed",
              "speed": "slow",
              "pass": true,
              "fail": false,
              "pending": false,
              "context": null,
              "code": "Rp.setGoToReportPage();\nRp.setselectFilter();\nRp.setDateToThisMonth();\nln.setLogout();",
              "err": {},
              "uuid": "e03fd910-a1f4-4453-ab2e-16eccbd43235",
              "parentUUID": "000ed7ee-552a-4c2d-b180-eaddd1373f9b",
              "isHook": false,
              "skipped": false
            },
            {
              "title": "it should search for Report of last Month",
              "fullTitle": "visit Verve Access it should search for Report of last Month",
              "timedOut": null,
              "duration": 34021,
              "state": "passed",
              "speed": "slow",
              "pass": true,
              "fail": false,
              "pending": false,
              "context": null,
              "code": "Rp.setGoToReportPage();\nRp.setselectFilter();\nRp.setDateToLastMonth();\nln.setLogout();",
              "err": {},
              "uuid": "e88271ab-5efc-4ffd-9716-06c408146961",
              "parentUUID": "000ed7ee-552a-4c2d-b180-eaddd1373f9b",
              "isHook": false,
              "skipped": false
            },
            {
              "title": "it should search for Report of Today",
              "fullTitle": "visit Verve Access it should search for Report of Today",
              "timedOut": null,
              "duration": 35399,
              "state": "passed",
              "speed": "slow",
              "pass": true,
              "fail": false,
              "pending": false,
              "context": null,
              "code": "Rp.setGoToReportPage();\nRp.setselectFilter();\nRp.setDateToToday();\nln.setLogout();",
              "err": {},
              "uuid": "d82afbf3-0ae4-4f3c-a783-8af228821a6c",
              "parentUUID": "000ed7ee-552a-4c2d-b180-eaddd1373f9b",
              "isHook": false,
              "skipped": false
            },
            {
              "title": "it should search for Report of Yesterday",
              "fullTitle": "visit Verve Access it should search for Report of Yesterday",
              "timedOut": null,
              "duration": 34709,
              "state": "passed",
              "speed": "slow",
              "pass": true,
              "fail": false,
              "pending": false,
              "context": null,
              "code": "Rp.setGoToReportPage();\nRp.setselectFilter();\nRp.setDateToYesterday();\nln.setLogout();",
              "err": {},
              "uuid": "d8b2f41a-81c1-4da2-a996-c055f157fc73",
              "parentUUID": "000ed7ee-552a-4c2d-b180-eaddd1373f9b",
              "isHook": false,
              "skipped": false
            },
            {
              "title": "it should search for Report of last seven days",
              "fullTitle": "visit Verve Access it should search for Report of last seven days",
              "timedOut": null,
              "duration": 34373,
              "state": "passed",
              "speed": "slow",
              "pass": true,
              "fail": false,
              "pending": false,
              "context": null,
              "code": "Rp.setGoToReportPage();\nRp.setselectFilter();\nRp.setDateToLast7Days();\nln.setLogout();",
              "err": {},
              "uuid": "b089b47b-5c93-4725-b662-06463e4288c8",
              "parentUUID": "000ed7ee-552a-4c2d-b180-eaddd1373f9b",
              "isHook": false,
              "skipped": false
            }
          ],
          "suites": [],
          "passes": [
            "9d0caa28-2bc6-46e7-b4e5-f065f4f765d8",
            "32ce1947-a2b0-4b2c-a23f-1790891a8c61",
            "2ec6d379-beed-47a2-b2db-e8a6394700c7",
            "6dccec4f-e448-4327-b586-cc512460d07a",
            "e03fd910-a1f4-4453-ab2e-16eccbd43235",
            "e88271ab-5efc-4ffd-9716-06c408146961",
            "d82afbf3-0ae4-4f3c-a783-8af228821a6c",
            "d8b2f41a-81c1-4da2-a996-c055f157fc73",
            "b089b47b-5c93-4725-b662-06463e4288c8"
          ],
          "failures": [],
          "pending": [],
          "skipped": [],
          "duration": 321885,
          "root": false,
          "rootEmpty": false,
          "_timeout": 2000
        }
      ],
      "passes": [],
      "failures": [],
      "pending": [],
      "skipped": [],
      "duration": 0,
      "root": true,
      "rootEmpty": true,
      "_timeout": 2000
    }
  ],
  "meta": {
    "mocha": {
      "version": "7.0.1"
    },
    "mochawesome": {
      "options": {
        "quiet": false,
        "reportFilename": "mochawesome",
        "saveHtml": true,
        "saveJson": true,
        "consoleReporter": "spec",
        "useInlineDiffs": false,
        "code": true
      },
      "version": "7.1.3"
    },
    "marge": {
      "options": {
        "id": "default",
        "reportDir": "cypress/reports/mocha",
        "mochaFile": "cypress/reports/results/my-test-output-[hash].xml",
        "quite": true,
        "overwrite": false,
        "html": true,
        "json": true
      },
      "version": "6.2.0"
    }
  }
}