{
  "stats": {
    "suites": 1,
    "tests": 9,
    "passes": 9,
    "pending": 0,
    "failures": 0,
    "start": "2023-08-22T12:19:03.064Z",
    "end": "2023-08-22T12:24:25.255Z",
    "duration": 322191,
    "testsRegistered": 9,
    "passPercent": 100,
    "pendingPercent": 0,
    "other": 0,
    "hasOther": false,
    "skipped": 0,
    "hasSkipped": false
  },
  "results": [
    {
      "uuid": "e3da03d0-e8f9-4bd7-af63-cf6576114dbd",
      "title": "",
      "fullFile": "cypress\\e2e\\VerveAccess-UI-Tests-UAT\\A-CorporateUserUATTests\\Reports.cy.js",
      "file": "cypress\\e2e\\VerveAccess-UI-Tests-UAT\\A-CorporateUserUATTests\\Reports.cy.js",
      "beforeHooks": [],
      "afterHooks": [],
      "tests": [],
      "suites": [
        {
          "uuid": "9352b4ca-503b-47d8-b6de-a2fef77adc15",
          "title": "visit Verve Access",
          "fullFile": "",
          "file": "",
          "beforeHooks": [],
          "afterHooks": [],
          "tests": [
            {
              "title": "it should search for valid report",
              "fullTitle": "visit Verve Access it should search for valid report",
              "timedOut": null,
              "duration": 44794,
              "state": "passed",
              "speed": "slow",
              "pass": true,
              "fail": false,
              "pending": false,
              "context": null,
              "code": "Rp.setGoToReportPage();\nRp.setinputValue('Issuer-Reports');\nRp.setSummitButton(); // Rp.setVerify('Issuer-Reports')\nln.setLogout();",
              "err": {},
              "uuid": "b561c2b1-726a-4b32-97d8-abf80144fad8",
              "parentUUID": "9352b4ca-503b-47d8-b6de-a2fef77adc15",
              "isHook": false,
              "skipped": false
            },
            {
              "title": "it should search for invalid report",
              "fullTitle": "visit Verve Access it should search for invalid report",
              "timedOut": null,
              "duration": 34455,
              "state": "passed",
              "speed": "slow",
              "pass": true,
              "fail": false,
              "pending": false,
              "context": null,
              "code": "Rp.setGoToReportPage();\nRp.setinputValue('Issuedfdfdr-Reportddds');\nRp.setSummitButton();\nRp.setVerify('No Data to Display');\nln.setLogout();",
              "err": {},
              "uuid": "dfee7092-9223-4128-91e2-c53293d26676",
              "parentUUID": "9352b4ca-503b-47d8-b6de-a2fef77adc15",
              "isHook": false,
              "skipped": false
            },
            {
              "title": "it should search for empty Value",
              "fullTitle": "visit Verve Access it should search for empty Value",
              "timedOut": null,
              "duration": 33944,
              "state": "passed",
              "speed": "slow",
              "pass": true,
              "fail": false,
              "pending": false,
              "context": null,
              "code": "Rp.setGoToReportPage();\nRp.setinputValue(' ');\nRp.setSummitButton(); //Rp.setVerify('No Data to Display')\nln.setLogout();",
              "err": {},
              "uuid": "0bcf33ca-df80-4c57-9c54-896bf1115aeb",
              "parentUUID": "9352b4ca-503b-47d8-b6de-a2fef77adc15",
              "isHook": false,
              "skipped": false
            },
            {
              "title": "it should search for Report of last 30 days",
              "fullTitle": "visit Verve Access it should search for Report of last 30 days",
              "timedOut": null,
              "duration": 34809,
              "state": "passed",
              "speed": "slow",
              "pass": true,
              "fail": false,
              "pending": false,
              "context": null,
              "code": "Rp.setGoToReportPage();\nRp.setselectFilter();\nRp.setDateTolast30days();\nln.setLogout();",
              "err": {},
              "uuid": "0c23c427-c40d-42d3-a191-fa3d1373eb8e",
              "parentUUID": "9352b4ca-503b-47d8-b6de-a2fef77adc15",
              "isHook": false,
              "skipped": false
            },
            {
              "title": "it should search for Report of This Month",
              "fullTitle": "visit Verve Access it should search for Report of This Month",
              "timedOut": null,
              "duration": 35677,
              "state": "passed",
              "speed": "slow",
              "pass": true,
              "fail": false,
              "pending": false,
              "context": null,
              "code": "Rp.setGoToReportPage();\nRp.setselectFilter();\nRp.setDateToThisMonth();\nln.setLogout();",
              "err": {},
              "uuid": "578a69e5-6f7c-454b-a801-9913bee19312",
              "parentUUID": "9352b4ca-503b-47d8-b6de-a2fef77adc15",
              "isHook": false,
              "skipped": false
            },
            {
              "title": "it should search for Report of last Month",
              "fullTitle": "visit Verve Access it should search for Report of last Month",
              "timedOut": null,
              "duration": 34328,
              "state": "passed",
              "speed": "slow",
              "pass": true,
              "fail": false,
              "pending": false,
              "context": null,
              "code": "Rp.setGoToReportPage();\nRp.setselectFilter();\nRp.setDateToLastMonth();\nln.setLogout();",
              "err": {},
              "uuid": "022ccf50-132e-4ca4-ac0e-3e60a82fe3b2",
              "parentUUID": "9352b4ca-503b-47d8-b6de-a2fef77adc15",
              "isHook": false,
              "skipped": false
            },
            {
              "title": "it should search for Report of Today",
              "fullTitle": "visit Verve Access it should search for Report of Today",
              "timedOut": null,
              "duration": 34433,
              "state": "passed",
              "speed": "slow",
              "pass": true,
              "fail": false,
              "pending": false,
              "context": null,
              "code": "Rp.setGoToReportPage();\nRp.setselectFilter();\nRp.setDateToToday();\nln.setLogout();",
              "err": {},
              "uuid": "e7afe957-c96b-4992-b2e9-fc3cc2eeb519",
              "parentUUID": "9352b4ca-503b-47d8-b6de-a2fef77adc15",
              "isHook": false,
              "skipped": false
            },
            {
              "title": "it should search for Report of Yesterday",
              "fullTitle": "visit Verve Access it should search for Report of Yesterday",
              "timedOut": null,
              "duration": 34478,
              "state": "passed",
              "speed": "slow",
              "pass": true,
              "fail": false,
              "pending": false,
              "context": null,
              "code": "Rp.setGoToReportPage();\nRp.setselectFilter();\nRp.setDateToYesterday();\nln.setLogout();",
              "err": {},
              "uuid": "b9b84a35-f51c-4cbe-b467-ae4835fb7e34",
              "parentUUID": "9352b4ca-503b-47d8-b6de-a2fef77adc15",
              "isHook": false,
              "skipped": false
            },
            {
              "title": "it should search for Report of last seven days",
              "fullTitle": "visit Verve Access it should search for Report of last seven days",
              "timedOut": null,
              "duration": 34352,
              "state": "passed",
              "speed": "slow",
              "pass": true,
              "fail": false,
              "pending": false,
              "context": null,
              "code": "Rp.setGoToReportPage();\nRp.setselectFilter();\nRp.setDateToLast7Days();\nln.setLogout();",
              "err": {},
              "uuid": "d58929d4-2128-4975-8865-04faa6a73f88",
              "parentUUID": "9352b4ca-503b-47d8-b6de-a2fef77adc15",
              "isHook": false,
              "skipped": false
            }
          ],
          "suites": [],
          "passes": [
            "b561c2b1-726a-4b32-97d8-abf80144fad8",
            "dfee7092-9223-4128-91e2-c53293d26676",
            "0bcf33ca-df80-4c57-9c54-896bf1115aeb",
            "0c23c427-c40d-42d3-a191-fa3d1373eb8e",
            "578a69e5-6f7c-454b-a801-9913bee19312",
            "022ccf50-132e-4ca4-ac0e-3e60a82fe3b2",
            "e7afe957-c96b-4992-b2e9-fc3cc2eeb519",
            "b9b84a35-f51c-4cbe-b467-ae4835fb7e34",
            "d58929d4-2128-4975-8865-04faa6a73f88"
          ],
          "failures": [],
          "pending": [],
          "skipped": [],
          "duration": 321270,
          "root": false,
          "rootEmpty": false,
          "_timeout": 2000
        }
      ],
      "passes": [],
      "failures": [],
      "pending": [],
      "skipped": [],
      "duration": 0,
      "root": true,
      "rootEmpty": true,
      "_timeout": 2000
    }
  ],
  "meta": {
    "mocha": {
      "version": "7.0.1"
    },
    "mochawesome": {
      "options": {
        "quiet": false,
        "reportFilename": "mochawesome",
        "saveHtml": true,
        "saveJson": true,
        "consoleReporter": "spec",
        "useInlineDiffs": false,
        "code": true
      },
      "version": "7.1.3"
    },
    "marge": {
      "options": {
        "id": "default",
        "reportDir": "cypress/reports/mocha",
        "mochaFile": "cypress/reports/results/my-test-output-[hash].xml",
        "quite": true,
        "overwrite": false,
        "html": true,
        "json": true
      },
      "version": "6.2.0"
    }
  }
}