{
  "stats": {
    "suites": 1,
    "tests": 5,
    "passes": 0,
    "pending": 0,
    "failures": 5,
    "start": "2023-08-22T14:17:28.732Z",
    "end": "2023-08-22T14:22:58.811Z",
    "duration": 330079,
    "testsRegistered": 5,
    "passPercent": 0,
    "pendingPercent": 0,
    "other": 0,
    "hasOther": false,
    "skipped": 0,
    "hasSkipped": false
  },
  "results": [
    {
      "uuid": "26365edc-72a0-4734-b37b-7900a6aba06a",
      "title": "",
      "fullFile": "cypress\\e2e\\VerveAccess-UI-Tests-UAT\\B-CorporateAdminUATTests\\VMMR.cy.js",
      "file": "cypress\\e2e\\VerveAccess-UI-Tests-UAT\\B-CorporateAdminUATTests\\VMMR.cy.js",
      "beforeHooks": [],
      "afterHooks": [],
      "tests": [],
      "suites": [
        {
          "uuid": "00422187-49bc-4984-ba69-ec4a063c0e6f",
          "title": "visit Verve Access",
          "fullFile": "",
          "file": "",
          "beforeHooks": [],
          "afterHooks": [],
          "tests": [
            {
              "title": "This test logs the corporate user into the Verve Access portal to search Pending reports",
              "fullTitle": "visit Verve Access This test logs the corporate user into the Verve Access portal to search Pending reports",
              "timedOut": null,
              "duration": 65852,
              "state": "failed",
              "speed": null,
              "pass": false,
              "fail": true,
              "pending": false,
              "context": null,
              "code": "cy.get(':nth-child(1) > .MuiFormControl-root > .MuiInputBase-root > .MuiInputBase-input').type('oge@qa.team');\ncy.get(':nth-child(2) > .MuiFormControl-root > .MuiInputBase-root > .MuiInputBase-input').type('PASSWORD@123');\ncy.get('#login').click();\ncy.wait(16000);\ncy.get('#burger-cont').click();\ncy.get('#sidebar > .sidebar-container > #side-nav > .isw-sideBarNav > :nth-child(11) > .isw-sideBarNavLink > .isw-sideBarNavLabel').click();\ncy.reload(); //To search for a pending report by reportName\ncy.get('.input-container').type('PRO-DEC-VMMR-PLAIN');\ncy.get('.input-container > .d-flx').click();\ncy.wait(4000);\ncy.contains('PRO-DEC-VMMR-PLAIN-01');\ncy.reload(); //To search for a pending report by Corporate user's Name\ncy.get('.input-container').type('Olanre');\ncy.get('.input-container > .d-flx').click();\ncy.wait(4000);\ncy.contains('Joe Olanre');\ncy.reload(); //To search for a pending report by Approver's Name\ncy.get('.input-container').type('Oge');\ncy.get('.input-container > .d-flx').click();\ncy.wait(4000);\ncy.contains('No data to display');\ncy.reload();",
              "err": {
                "message": "AssertionError: Timed out retrying after 20000ms: Expected to find element: `#burger-cont`, but never found it.",
                "estack": "AssertionError: Timed out retrying after 20000ms: Expected to find element: `#burger-cont`, but never found it.\n    at Context.eval (https://verve-access-customer.k8.isw.la/__cypress/tests?p=cypress\\e2e\\VerveAccess-UI-Tests-UAT\\B-CorporateAdminUATTests\\VMMR.cy.js:115:8)",
                "diff": null
              },
              "uuid": "1459f305-ad0d-47e5-a117-0c9ee8ca300e",
              "parentUUID": "00422187-49bc-4984-ba69-ec4a063c0e6f",
              "isHook": false,
              "skipped": false
            },
            {
              "title": "This logs the corporate user into the verve access portal searches approved reports",
              "fullTitle": "visit Verve Access This logs the corporate user into the verve access portal searches approved reports",
              "timedOut": null,
              "duration": 65432,
              "state": "failed",
              "speed": null,
              "pass": false,
              "fail": true,
              "pending": false,
              "context": null,
              "code": "cy.visit('https://verve-access-customer.k8.isw.la/corporate/signin');\ncy.get(':nth-child(1) > .MuiFormControl-root > .MuiInputBase-root > .MuiInputBase-input').type('oge@qa.team');\ncy.get(':nth-child(2) > .MuiFormControl-root > .MuiInputBase-root > .MuiInputBase-input').type('PASSWORD@123');\ncy.get('#login').click();\ncy.wait(16000);\ncy.get('#burger-cont').click();\ncy.get('#sidebar > .sidebar-container > #side-nav > .isw-sideBarNav > :nth-child(11) > .isw-sideBarNavLink > .isw-sideBarNavLabel').click(); //To search for an approved report by reportName\ncy.get('.ant-tabs-nav > :nth-child(1) > :nth-child(2) > span').click();\ncy.get('.input-container').type('PRO-DEC-VMMR-TEST');\ncy.get('.input-container > .d-flx').click();\ncy.wait(4000);\ncy.contains('PRO-DEC-VMMR-TEST-02');\ncy.get('.input-container').clear(); //To search approved reports by Corporate User's name\ncy.get('.ant-tabs-nav > :nth-child(1) > :nth-child(2) > span').click();\ncy.get('.input-container').type('Joe');\ncy.get('.input-container > .d-flx').click();\ncy.wait(4000);\ncy.contains('Joe Olanre'); //To search approved reports by Corporate_Admin's Name\ncy.get('.input-container').clear().type('Oge');\ncy.get('.input-container > .d-flx').click();\ncy.wait(4000);\ncy.contains('No data to display');",
              "err": {
                "message": "AssertionError: Timed out retrying after 20000ms: Expected to find element: `#burger-cont`, but never found it.",
                "estack": "AssertionError: Timed out retrying after 20000ms: Expected to find element: `#burger-cont`, but never found it.\n    at Context.eval (https://verve-access-customer.k8.isw.la/__cypress/tests?p=cypress\\e2e\\VerveAccess-UI-Tests-UAT\\B-CorporateAdminUATTests\\VMMR.cy.js:143:8)",
                "diff": null
              },
              "uuid": "d76c4d89-f0e0-4da0-8987-21871e0f59f0",
              "parentUUID": "00422187-49bc-4984-ba69-ec4a063c0e6f",
              "isHook": false,
              "skipped": false
            },
            {
              "title": "This logs the corporate user into the verve access portal searches declined reports",
              "fullTitle": "visit Verve Access This logs the corporate user into the verve access portal searches declined reports",
              "timedOut": null,
              "duration": 63348,
              "state": "failed",
              "speed": null,
              "pass": false,
              "fail": true,
              "pending": false,
              "context": null,
              "code": "cy.visit('https://verve-access-customer.k8.isw.la/corporate/signin');\ncy.get(':nth-child(1) > .MuiFormControl-root > .MuiInputBase-root > .MuiInputBase-input').type('oge@qa.team');\ncy.get(':nth-child(2) > .MuiFormControl-root > .MuiInputBase-root > .MuiInputBase-input').type('PASSWORD@123');\ncy.get('#login').click();\ncy.wait(16000);\ncy.get('#burger-cont').click();\ncy.get('#sidebar > .sidebar-container > #side-nav > .isw-sideBarNav > :nth-child(11) > .isw-sideBarNavLink > .isw-sideBarNavLabel').click(); //To search for a declined report by reportName\ncy.get('.ant-tabs-nav > :nth-child(1) > :nth-child(3) > span').click();\ncy.get('.input-container').type('PRO-DEC-VMMR-PLAIN');\ncy.get('.input-container > .d-flx').click();\ncy.wait(4000);\ncy.contains('PRO-DEC-VMMR-PLAIN-02'); //To search declined reports by Corporate User's name\ncy.get('.input-container').clear().type('Joe');\ncy.get('.input-container > .d-flx').click();\ncy.wait(4000);\ncy.contains('Joe Olanre'); //To search declined reports by Corporate_Admin's Name\ncy.get('.input-container').clear().type('Oge');\ncy.get('.input-container > .d-flx').click();\ncy.wait(4000);\ncy.contains('No data to display');\ncy.reload();",
              "err": {
                "message": "AssertionError: Timed out retrying after 20000ms: Expected to find element: `#burger-cont`, but never found it.",
                "estack": "AssertionError: Timed out retrying after 20000ms: Expected to find element: `#burger-cont`, but never found it.\n    at Context.eval (https://verve-access-customer.k8.isw.la/__cypress/tests?p=cypress\\e2e\\VerveAccess-UI-Tests-UAT\\B-CorporateAdminUATTests\\VMMR.cy.js:170:8)",
                "diff": null
              },
              "uuid": "18ace450-2cac-4e8d-ae27-b31f8c76efd6",
              "parentUUID": "00422187-49bc-4984-ba69-ec4a063c0e6f",
              "isHook": false,
              "skipped": false
            },
            {
              "title": "This logs the corporate user into the verve access portal searches failed reports",
              "fullTitle": "visit Verve Access This logs the corporate user into the verve access portal searches failed reports",
              "timedOut": null,
              "duration": 70352,
              "state": "failed",
              "speed": null,
              "pass": false,
              "fail": true,
              "pending": false,
              "context": null,
              "code": "cy.visit('https://verve-access-customer.k8.isw.la/corporate/signin');\ncy.get(':nth-child(1) > .MuiFormControl-root > .MuiInputBase-root > .MuiInputBase-input').type('oge@qa.team');\ncy.get(':nth-child(2) > .MuiFormControl-root > .MuiInputBase-root > .MuiInputBase-input').type('PASSWORD@123');\ncy.get('#login').click();\ncy.wait(16000);\ncy.get('#burger-cont').click();\ncy.get('#sidebar > .sidebar-container > #side-nav > .isw-sideBarNav > :nth-child(11) > .isw-sideBarNavLink > .isw-sideBarNavLabel').click(); //To search for a declined report by reportName\ncy.get('.ant-tabs-nav > :nth-child(1) > :nth-child(4) > span').click();\ncy.get('.input-container').type('VMMR Report - FNF');\ncy.get('.input-container > .d-flx').click();\ncy.wait(4000);\ncy.contains('VMMR Report - FNF'); //To search declined reports by Corporate User's name\ncy.get('.input-container').clear().type('Joe');\ncy.get('.input-container > .d-flx').click();\ncy.wait(4000);\ncy.contains('Joe Olanre'); //To search declined reports by Corporate_Admin's Name\ncy.get('.input-container').clear().type('Oge');\ncy.get('.input-container > .d-flx').click();\ncy.wait(4000);\ncy.contains('No data to display');\ncy.reload();",
              "err": {
                "message": "AssertionError: Timed out retrying after 20000ms: Expected to find element: `#burger-cont`, but never found it.",
                "estack": "AssertionError: Timed out retrying after 20000ms: Expected to find element: `#burger-cont`, but never found it.\n    at Context.eval (https://verve-access-customer.k8.isw.la/__cypress/tests?p=cypress\\e2e\\VerveAccess-UI-Tests-UAT\\B-CorporateAdminUATTests\\VMMR.cy.js:196:8)",
                "diff": null
              },
              "uuid": "cb87bd8d-5c72-49c6-a735-1b64974b52cd",
              "parentUUID": "00422187-49bc-4984-ba69-ec4a063c0e6f",
              "isHook": false,
              "skipped": false
            },
            {
              "title": "This logs the corporate user into the verve access portal and filters Pending VMMR Reports by date range",
              "fullTitle": "visit Verve Access This logs the corporate user into the verve access portal and filters Pending VMMR Reports by date range",
              "timedOut": null,
              "duration": 63736,
              "state": "failed",
              "speed": null,
              "pass": false,
              "fail": true,
              "pending": false,
              "context": null,
              "code": "cy.visit('https://verve-access-customer.k8.isw.la/corporate/signin');\ncy.get(':nth-child(1) > .MuiFormControl-root > .MuiInputBase-root > .MuiInputBase-input').type('oge@qa.team');\ncy.get(':nth-child(2) > .MuiFormControl-root > .MuiInputBase-root > .MuiInputBase-input').type('PASSWORD@123');\ncy.get('#login').click();\ncy.wait(16000);\ncy.get('#burger-cont').click();\ncy.get('#sidebar > .sidebar-container > #side-nav > .isw-sideBarNav > :nth-child(11) > .isw-sideBarNavLink > .isw-sideBarNavLabel').click(); //To Filter Pending reports by Date - Today\ncy.get('.anticon-caret-down > svg > path').click();\ncy.get('.ranges > ul > .active').click();\ncy.wait(4000);\ncy.reload(); //To Filter Pending reports by Date - Yesterday\ncy.get('.anticon-caret-down > svg > path').click();\ncy.get('[data-range-key=\"Yesterday\"]').click();\ncy.wait(4000);\ncy.reload(); //To Filter Pending reports by Date - Last Seven Days \ncy.get('.anticon-caret-down > svg > path').click();\ncy.get('[data-range-key=\"Last 7 Days\"]').click();\ncy.wait(4000);\ncy.reload(); //To Filter Pending reports by Date - Last Thirty Days \ncy.get('.anticon-caret-down > svg > path').click();\ncy.get('[data-range-key=\"Last 30 Days\"]').click();\ncy.wait(4000);\ncy.reload(); //To Filter Pending reports by Date - This Month \ncy.get('.anticon-caret-down > svg > path').click();\ncy.get('[data-range-key=\"This Month\"]').click();\ncy.wait(4000);\ncy.reload(); //To Filter Pending reports by Date - Last Month \ncy.get('.anticon-caret-down > svg > path').click();\ncy.get('[data-range-key=\"Last Month\"]').click();\ncy.wait(4000);\ncy.reload(); //To Filter Pending reports by Date - Custom Date Range \ncy.get('.anticon-caret-down > svg > path').click();\ncy.get('[data-range-key=\"Custom Range\"]').click();\ncy.get('.left > .calendar-table > .table-condensed > tbody > :nth-child(1) > [data-title=\"r0c1\"]').click();\ncy.get('.right > .calendar-table > .table-condensed > tbody > :nth-child(4) > [data-title=\"r3c5\"]').click();\ncy.get('.applyBtn').click();\ncy.wait(4000);\ncy.reload();",
              "err": {
                "message": "AssertionError: Timed out retrying after 20000ms: Expected to find element: `#burger-cont`, but never found it.",
                "estack": "AssertionError: Timed out retrying after 20000ms: Expected to find element: `#burger-cont`, but never found it.\n    at Context.eval (https://verve-access-customer.k8.isw.la/__cypress/tests?p=cypress\\e2e\\VerveAccess-UI-Tests-UAT\\B-CorporateAdminUATTests\\VMMR.cy.js:222:8)",
                "diff": null
              },
              "uuid": "3e91c6ca-8c4b-46d9-b5c1-507be1b6744b",
              "parentUUID": "00422187-49bc-4984-ba69-ec4a063c0e6f",
              "isHook": false,
              "skipped": false
            }
          ],
          "suites": [],
          "passes": [],
          "failures": [
            "1459f305-ad0d-47e5-a117-0c9ee8ca300e",
            "d76c4d89-f0e0-4da0-8987-21871e0f59f0",
            "18ace450-2cac-4e8d-ae27-b31f8c76efd6",
            "cb87bd8d-5c72-49c6-a735-1b64974b52cd",
            "3e91c6ca-8c4b-46d9-b5c1-507be1b6744b"
          ],
          "pending": [],
          "skipped": [],
          "duration": 328720,
          "root": false,
          "rootEmpty": false,
          "_timeout": 2000
        }
      ],
      "passes": [],
      "failures": [],
      "pending": [],
      "skipped": [],
      "duration": 0,
      "root": true,
      "rootEmpty": true,
      "_timeout": 2000
    }
  ],
  "meta": {
    "mocha": {
      "version": "7.0.1"
    },
    "mochawesome": {
      "options": {
        "quiet": false,
        "reportFilename": "mochawesome",
        "saveHtml": true,
        "saveJson": true,
        "consoleReporter": "spec",
        "useInlineDiffs": false,
        "code": true
      },
      "version": "7.1.3"
    },
    "marge": {
      "options": {
        "id": "default",
        "reportDir": "cypress/reports/mocha",
        "mochaFile": "cypress/reports/results/my-test-output-[hash].xml",
        "quite": true,
        "overwrite": false,
        "html": true,
        "json": true
      },
      "version": "6.2.0"
    }
  }
}