{
  "stats": {
    "suites": 1,
    "tests": 7,
    "passes": 6,
    "pending": 0,
    "failures": 1,
    "start": "2023-08-22T14:10:17.990Z",
    "end": "2023-08-22T14:15:27.203Z",
    "duration": 309213,
    "testsRegistered": 7,
    "passPercent": 85.71428571428571,
    "pendingPercent": 0,
    "other": 0,
    "hasOther": false,
    "skipped": 0,
    "hasSkipped": false
  },
  "results": [
    {
      "uuid": "98f4a2f8-2ae6-42eb-8114-6d3226460a02",
      "title": "",
      "fullFile": "cypress\\e2e\\VerveAccess-UI-Tests-UAT\\B-CorporateAdminUATTests\\Users.cy.js",
      "file": "cypress\\e2e\\VerveAccess-UI-Tests-UAT\\B-CorporateAdminUATTests\\Users.cy.js",
      "beforeHooks": [],
      "afterHooks": [],
      "tests": [],
      "suites": [
        {
          "uuid": "9ca624ca-c98b-468b-9b94-3e57ac027c5c",
          "title": "visit Verve Access",
          "fullFile": "",
          "file": "",
          "beforeHooks": [],
          "afterHooks": [],
          "tests": [
            {
              "title": "should navigate to the Users page and create a new user",
              "fullTitle": "visit Verve Access should navigate to the Users page and create a new user",
              "timedOut": null,
              "duration": 70249,
              "state": "passed",
              "speed": "slow",
              "pass": true,
              "fail": false,
              "pending": false,
              "context": null,
              "code": "Us.setGoToUserPage();\nUs.setAddUserButton();\nUs.setEnterFirstname(varTest.test);\nUs.setEnterLastname('da' + varTest2.newtest);\nUs.setEnterEmail('softqa' + varTest2.number + '@qa.team');\nUs.setEnterPhoneNumber('080123' + varTest2.number);\nUs.setRole();\nUs.setSummitButton();\ncy.wait(12000);\nUs.setsuccessMessage();\nln.setLogout();",
              "err": {},
              "uuid": "b8ed3bd1-02eb-4f45-82c1-93609c7a2c7f",
              "parentUUID": "9ca624ca-c98b-468b-9b94-3e57ac027c5c",
              "isHook": false,
              "skipped": false
            },
            {
              "title": "should not create a new user without first name",
              "fullTitle": "visit Verve Access should not create a new user without first name",
              "timedOut": null,
              "duration": 39929,
              "state": "passed",
              "speed": "slow",
              "pass": true,
              "fail": false,
              "pending": false,
              "context": null,
              "code": "Us.setGoToUserPage();\nUs.setAddUserButton(); // Us.setEnterFirstname(varTest.test)\nUs.setEnterLastname('da' + varTest2.newtest);\nUs.setEnterEmail('softqa' + varTest2.number + '@qa.team');\nUs.setEnterPhoneNumber('080123' + varTest2.number);\nUs.setRole();\nUs.setSummitButton();\nUs.setErrorMessage();\nUs.setCloseTab();\nln.setLogout();",
              "err": {},
              "uuid": "5e7c4e11-50cb-49e4-a6b8-985f06b2f394",
              "parentUUID": "9ca624ca-c98b-468b-9b94-3e57ac027c5c",
              "isHook": false,
              "skipped": false
            },
            {
              "title": "should not create a new user without lastname",
              "fullTitle": "visit Verve Access should not create a new user without lastname",
              "timedOut": null,
              "duration": 39467,
              "state": "passed",
              "speed": "slow",
              "pass": true,
              "fail": false,
              "pending": false,
              "context": null,
              "code": "Us.setGoToUserPage();\nUs.setAddUserButton();\nUs.setEnterFirstname(varTest.test); // Us.setEnterLastname('da'+varTest2.newtest)\nUs.setEnterEmail('softqa' + varTest2.number + '@qa.team');\nUs.setEnterPhoneNumber('080123' + varTest2.number);\nUs.setRole();\nUs.setSummitButton();\nUs.setErrorMessage2();\nUs.setCloseTab();\nln.setLogout();",
              "err": {},
              "uuid": "164a9d0c-c90d-4d24-a39f-ebdfa4e1852d",
              "parentUUID": "9ca624ca-c98b-468b-9b94-3e57ac027c5c",
              "isHook": false,
              "skipped": false
            },
            {
              "title": "should not create a new user without email",
              "fullTitle": "visit Verve Access should not create a new user without email",
              "timedOut": null,
              "duration": 39427,
              "state": "passed",
              "speed": "slow",
              "pass": true,
              "fail": false,
              "pending": false,
              "context": null,
              "code": "Us.setGoToUserPage();\nUs.setAddUserButton();\nUs.setEnterFirstname(varTest.test);\nUs.setEnterLastname('da' + varTest2.newtest); // Us.setEnterEmail('softqa'+varTest2.number+'@qa.team')\nUs.setEnterPhoneNumber('080123' + varTest2.number);\nUs.setRole();\nUs.setSummitButton();\nUs.setErrorMessage3();\nUs.setCloseTab();\nln.setLogout();",
              "err": {},
              "uuid": "f32c67de-acb8-4b76-b766-6490a4ab53b0",
              "parentUUID": "9ca624ca-c98b-468b-9b94-3e57ac027c5c",
              "isHook": false,
              "skipped": false
            },
            {
              "title": "should not create a new user without phoneNumber",
              "fullTitle": "visit Verve Access should not create a new user without phoneNumber",
              "timedOut": null,
              "duration": 39055,
              "state": "passed",
              "speed": "slow",
              "pass": true,
              "fail": false,
              "pending": false,
              "context": null,
              "code": "Us.setGoToUserPage();\nUs.setAddUserButton();\nUs.setEnterFirstname(varTest.test);\nUs.setEnterLastname('da' + varTest2.newtest);\nUs.setEnterEmail('softqa' + varTest2.number + '@qa.team'); // Us.setEnterPhoneNumber('080123'+varTest2.number)\nUs.setRole(); // Us.setSummitButton()\n//Us.setErrorMessage4()\nUs.setCloseTab();\nln.setLogout();",
              "err": {},
              "uuid": "836bbb64-5caa-493c-8f8b-700e1cb26eda",
              "parentUUID": "9ca624ca-c98b-468b-9b94-3e57ac027c5c",
              "isHook": false,
              "skipped": false
            },
            {
              "title": "should Search user on active tab",
              "fullTitle": "visit Verve Access should Search user on active tab",
              "timedOut": null,
              "duration": 34262,
              "state": "passed",
              "speed": "slow",
              "pass": true,
              "fail": false,
              "pending": false,
              "context": null,
              "code": "Us.setGoToUserPage();\nUs.setSearch('njoku102@qa.team');\nUs.setClickSearch();\nUs.setVerifySearch('njoku102@qa.team');\nln.setLogout();",
              "err": {},
              "uuid": "cc64602c-0cea-49a7-b884-1e2bb74e1285",
              "parentUUID": "9ca624ca-c98b-468b-9b94-3e57ac027c5c",
              "isHook": false,
              "skipped": false
            },
            {
              "title": "should Search user on inactive tab",
              "fullTitle": "visit Verve Access should Search user on inactive tab",
              "timedOut": null,
              "duration": 46043,
              "state": "failed",
              "speed": null,
              "pass": false,
              "fail": true,
              "pending": false,
              "context": null,
              "code": "Us.setGoToUserPage();\nUs.setinactiveTab();\nUs.setSearch('softqa60380@qa.team');\nUs.setClickSearch();\nUs.setVerifySearch('softqa60380@qa.team');\nln.setLogout();",
              "err": {
                "message": "AssertionError: Timed out retrying after 20000ms: Expected to find content: 'softqa60380@qa.team' but never did.",
                "estack": "AssertionError: Timed out retrying after 20000ms: Expected to find content: 'softqa60380@qa.team' but never did.\n    at Users.setVerifySearch (https://verve-access-customer.k8.isw.la/__cypress/tests?p=cypress\\e2e\\VerveAccess-UI-Tests-UAT\\B-CorporateAdminUATTests\\Users.cy.js:219:29)\n    at Context.eval (https://verve-access-customer.k8.isw.la/__cypress/tests?p=cypress\\e2e\\VerveAccess-UI-Tests-UAT\\B-CorporateAdminUATTests\\Users.cy.js:408:8)",
                "diff": null
              },
              "uuid": "f79abe7a-e39a-42ba-be8f-ef50322f93b6",
              "parentUUID": "9ca624ca-c98b-468b-9b94-3e57ac027c5c",
              "isHook": false,
              "skipped": false
            }
          ],
          "suites": [],
          "passes": [
            "b8ed3bd1-02eb-4f45-82c1-93609c7a2c7f",
            "5e7c4e11-50cb-49e4-a6b8-985f06b2f394",
            "164a9d0c-c90d-4d24-a39f-ebdfa4e1852d",
            "f32c67de-acb8-4b76-b766-6490a4ab53b0",
            "836bbb64-5caa-493c-8f8b-700e1cb26eda",
            "cc64602c-0cea-49a7-b884-1e2bb74e1285"
          ],
          "failures": [
            "f79abe7a-e39a-42ba-be8f-ef50322f93b6"
          ],
          "pending": [],
          "skipped": [],
          "duration": 308432,
          "root": false,
          "rootEmpty": false,
          "_timeout": 2000
        }
      ],
      "passes": [],
      "failures": [],
      "pending": [],
      "skipped": [],
      "duration": 0,
      "root": true,
      "rootEmpty": true,
      "_timeout": 2000
    }
  ],
  "meta": {
    "mocha": {
      "version": "7.0.1"
    },
    "mochawesome": {
      "options": {
        "quiet": false,
        "reportFilename": "mochawesome",
        "saveHtml": true,
        "saveJson": true,
        "consoleReporter": "spec",
        "useInlineDiffs": false,
        "code": true
      },
      "version": "7.1.3"
    },
    "marge": {
      "options": {
        "id": "default",
        "reportDir": "cypress/reports/mocha",
        "mochaFile": "cypress/reports/results/my-test-output-[hash].xml",
        "quite": true,
        "overwrite": false,
        "html": true,
        "json": true
      },
      "version": "6.2.0"
    }
  }
}