{
  "stats": {
    "suites": 1,
    "tests": 3,
    "passes": 3,
    "pending": 0,
    "failures": 0,
    "start": "2023-08-21T14:47:11.377Z",
    "end": "2023-08-21T14:49:26.623Z",
    "duration": 135246,
    "testsRegistered": 3,
    "passPercent": 100,
    "pendingPercent": 0,
    "other": 0,
    "hasOther": false,
    "skipped": 0,
    "hasSkipped": false
  },
  "results": [
    {
      "uuid": "ac134b7d-2757-49ad-ba8c-a83b35786a5f",
      "title": "",
      "fullFile": "cypress\\e2e\\VerveAccess-UI-Tests-UAT\\B-CorporateAdminUATTests\\Dashboard.cy.js",
      "file": "cypress\\e2e\\VerveAccess-UI-Tests-UAT\\B-CorporateAdminUATTests\\Dashboard.cy.js",
      "beforeHooks": [],
      "afterHooks": [],
      "tests": [],
      "suites": [
        {
          "uuid": "228b68ef-060d-4f50-a7ab-21cdb54c6640",
          "title": "visit Verve Access",
          "fullFile": "",
          "file": "",
          "beforeHooks": [],
          "afterHooks": [],
          "tests": [
            {
              "title": "This test views the dashboard elements",
              "fullTitle": "visit Verve Access This test views the dashboard elements",
              "timedOut": null,
              "duration": 69014,
              "state": "passed",
              "speed": "slow",
              "pass": true,
              "fail": false,
              "pending": false,
              "context": null,
              "code": "//View Dashboard Widgets\ncy.get('.top-section');\ncy.get('.top-section > :nth-child(1)').contains('Total Decals');\ncy.get('body > div:nth-child(2) > div:nth-child(1) > div:nth-child(3) > div:nth-child(1) > div:nth-child(1) > div:nth-child(1) > div:nth-child(2) > div:nth-child(2)'); //Artwork widget\ncy.get('.top-section > :nth-child(3)'); //Whitelist Cards Widget\ncy.get('.top-section > :nth-child(4)'); //Users widget\nln.setLogout();",
              "err": {},
              "uuid": "c2ddf55f-e067-4352-9181-d90e2379797f",
              "parentUUID": "228b68ef-060d-4f50-a7ab-21cdb54c6640",
              "isHook": false,
              "skipped": false
            },
            {
              "title": "should View guides section from the dashboard after login ",
              "fullTitle": "visit Verve Access should View guides section from the dashboard after login ",
              "timedOut": null,
              "duration": 35140,
              "state": "passed",
              "speed": "slow",
              "pass": true,
              "fail": false,
              "pending": false,
              "context": null,
              "code": "//Views the guides section, views all categories from the dashboard and views category guides from the dashboard\nguide.GetDashboardGuidesSection();\nguide.ViewAllGuidesFromDashboard();\nguide.ViewCategoryGuidesFromDashboard();\nln.setLogout();",
              "err": {},
              "uuid": "3dca3628-1cc2-465f-b919-f21f434f58e6",
              "parentUUID": "228b68ef-060d-4f50-a7ab-21cdb54c6640",
              "isHook": false,
              "skipped": false
            },
            {
              "title": "This test navigates the user to the verve certification portal",
              "fullTitle": "visit Verve Access This test navigates the user to the verve certification portal",
              "timedOut": null,
              "duration": 30580,
              "state": "passed",
              "speed": "slow",
              "pass": true,
              "fail": false,
              "pending": false,
              "context": null,
              "code": "//Verve Certification Portal\ncy.get('.verve-cert-container').contains('Go to Verve Certification Portal');\ncy.get('.verve-cert-click').click();\nln.setLogout();",
              "err": {},
              "uuid": "48eb79f6-c07b-4748-b0b9-99520ac027a0",
              "parentUUID": "228b68ef-060d-4f50-a7ab-21cdb54c6640",
              "isHook": false,
              "skipped": false
            }
          ],
          "suites": [],
          "passes": [
            "c2ddf55f-e067-4352-9181-d90e2379797f",
            "3dca3628-1cc2-465f-b919-f21f434f58e6",
            "48eb79f6-c07b-4748-b0b9-99520ac027a0"
          ],
          "failures": [],
          "pending": [],
          "skipped": [],
          "duration": 134734,
          "root": false,
          "rootEmpty": false,
          "_timeout": 2000
        }
      ],
      "passes": [],
      "failures": [],
      "pending": [],
      "skipped": [],
      "duration": 0,
      "root": true,
      "rootEmpty": true,
      "_timeout": 2000
    }
  ],
  "meta": {
    "mocha": {
      "version": "7.0.1"
    },
    "mochawesome": {
      "options": {
        "quiet": false,
        "reportFilename": "mochawesome",
        "saveHtml": true,
        "saveJson": true,
        "consoleReporter": "spec",
        "useInlineDiffs": false,
        "code": true
      },
      "version": "7.1.3"
    },
    "marge": {
      "options": {
        "id": "default",
        "reportDir": "cypress/reports/mocha",
        "mochaFile": "cypress/reports/results/my-test-output-[hash].xml",
        "quite": true,
        "overwrite": false,
        "html": true,
        "json": true
      },
      "version": "6.2.0"
    }
  }
}