{
  "stats": {
    "suites": 1,
    "tests": 1,
    "passes": 0,
    "pending": 0,
    "failures": 1,
    "start": "2023-08-22T12:40:57.340Z",
    "end": "2023-08-22T12:41:26.949Z",
    "duration": 29609,
    "testsRegistered": 18,
    "passPercent": 0,
    "pendingPercent": 0,
    "other": 0,
    "hasOther": false,
    "skipped": 17,
    "hasSkipped": true
  },
  "results": [
    {
      "uuid": "4d1eb081-7887-481b-80a9-ed7125134435",
      "title": "",
      "fullFile": "cypress\\e2e\\VerveAccess-UI-Tests-UAT\\C-VerveUserUATTests\\CardRequests.cy.js",
      "file": "cypress\\e2e\\VerveAccess-UI-Tests-UAT\\C-VerveUserUATTests\\CardRequests.cy.js",
      "beforeHooks": [],
      "afterHooks": [],
      "tests": [],
      "suites": [
        {
          "uuid": "e6c0be8b-9038-4373-ada7-8b4402322a2a",
          "title": "visit Verve Access",
          "fullFile": "",
          "file": "",
          "beforeHooks": [],
          "afterHooks": [],
          "tests": [
            {
              "title": "should Verify User Role",
              "fullTitle": "visit Verve Access should Verify User Role",
              "timedOut": null,
              "duration": 29058,
              "state": "failed",
              "speed": null,
              "pass": false,
              "fail": true,
              "pending": false,
              "context": null,
              "code": "cy.get('.ant-dropdown-link > .sidebar-svg').click().wait(3000);\ncy.contains('VERVE USER').should('be.visible');\ncy.get('.red').click();",
              "err": {
                "message": "AssertionError: Timed out retrying after 20000ms: expected 'Dashboard | Verve Access' to equal 'Verve Access'\n\nBecause this error occurred during a `before all` hook we are skipping the remaining tests in the current suite: `visit Verve Access`",
                "estack": "AssertionError: Timed out retrying after 20000ms: expected 'Dashboard | Verve Access' to equal 'Verve Access'\n\nBecause this error occurred during a `before all` hook we are skipping the remaining tests in the current suite: `visit Verve Access`\n    at Context.eval (https://verve-access-customer.k8.isw.la/__cypress/tests?p=cypress\\e2e\\VerveAccess-UI-Tests-UAT\\C-VerveUserUATTests\\CardRequests.cy.js:207:16)",
                "diff": "- '\\'Dashboard | Verve Access\\''\n+ '\\'Verve Access\\''\n"
              },
              "uuid": "2714125a-549f-49e6-a91f-a3988ea61893",
              "parentUUID": "e6c0be8b-9038-4373-ada7-8b4402322a2a",
              "isHook": false,
              "skipped": false
            },
            {
              "title": "View Card detail on Approved tab ",
              "fullTitle": "visit Verve Access View Card detail on Approved tab ",
              "timedOut": null,
              "duration": 0,
              "state": "skipped",
              "speed": null,
              "pass": false,
              "fail": false,
              "pending": false,
              "context": null,
              "code": "Cs.setGoToCardPage2();\nCs.setpickCard1(); //close Tab\ncy.wait(6000);\nCs.setcloseModal1();\nln.setLogout();\ncy.wait(6000);",
              "err": {},
              "uuid": "c78302a3-5dbc-4bab-9f0e-e4f3c33934c3",
              "parentUUID": "e6c0be8b-9038-4373-ada7-8b4402322a2a",
              "isHook": false,
              "skipped": true
            },
            {
              "title": "Search by Complete Artwork on Approved tab  ",
              "fullTitle": "visit Verve Access Search by Complete Artwork on Approved tab  ",
              "timedOut": null,
              "duration": 0,
              "state": "skipped",
              "speed": null,
              "pass": false,
              "fail": false,
              "pending": false,
              "context": null,
              "code": "Cs.setGoToCardPage2();\nCs.setSearch(\"Artwork I\");\nCs.setVerifySearch(\"Artwork I\");\nln.setLogout();\ncy.wait(6000);",
              "err": {},
              "uuid": "a814931f-241e-44fc-96f9-f26d4b610bb3",
              "parentUUID": "e6c0be8b-9038-4373-ada7-8b4402322a2a",
              "isHook": false,
              "skipped": true
            },
            {
              "title": "Search by inComplete Artwork on Approved tab",
              "fullTitle": "visit Verve Access Search by inComplete Artwork on Approved tab",
              "timedOut": null,
              "duration": 0,
              "state": "skipped",
              "speed": null,
              "pass": false,
              "fail": false,
              "pending": false,
              "context": null,
              "code": "Cs.setGoToCardPage2();\nCs.setSearch(\"Artwo\"); // Cs.setVerifySearch(\"Artwo\")\nln.setLogout();\ncy.wait(6000);",
              "err": {},
              "uuid": "b0b5b4e8-0d0b-45db-8fc8-42d22551bb75",
              "parentUUID": "e6c0be8b-9038-4373-ada7-8b4402322a2a",
              "isHook": false,
              "skipped": true
            },
            {
              "title": "Search by Complete Card Type on Approved tab",
              "fullTitle": "visit Verve Access Search by Complete Card Type on Approved tab",
              "timedOut": null,
              "duration": 0,
              "state": "skipped",
              "speed": null,
              "pass": false,
              "fail": false,
              "pending": false,
              "context": null,
              "code": "Cs.setGoToCardPage2();\nCs.setSearch(\"CREDIT\");\nCs.setVerifySearch(\"CREDIT\");\nln.setLogout();\ncy.wait(6000);",
              "err": {},
              "uuid": "6ac926cf-7ffc-440e-b9e5-96a826821ad4",
              "parentUUID": "e6c0be8b-9038-4373-ada7-8b4402322a2a",
              "isHook": false,
              "skipped": true
            },
            {
              "title": "Search by inComplete Card Type on Approved tab",
              "fullTitle": "visit Verve Access Search by inComplete Card Type on Approved tab",
              "timedOut": null,
              "duration": 0,
              "state": "skipped",
              "speed": null,
              "pass": false,
              "fail": false,
              "pending": false,
              "context": null,
              "code": "Cs.setGoToCardPage2();\nCs.setSearch(\"CRED\");\nCs.setVerifySearch(\"CRED\");\nln.setLogout();\ncy.wait(6000);",
              "err": {},
              "uuid": "41c6d4f0-5772-4b93-acb1-accf12b5955e",
              "parentUUID": "e6c0be8b-9038-4373-ada7-8b4402322a2a",
              "isHook": false,
              "skipped": true
            },
            {
              "title": "Search by innvalid parameter on on approved tab",
              "fullTitle": "visit Verve Access Search by innvalid parameter on on approved tab",
              "timedOut": null,
              "duration": 0,
              "state": "skipped",
              "speed": null,
              "pass": false,
              "fail": false,
              "pending": false,
              "context": null,
              "code": "Cs.setGoToCardPage2();\nCs.setSearch(\"xxxxx903567\");\nCs.setVerifySearch(\"No Data to Display\");\nln.setLogout();\ncy.wait(6000);",
              "err": {},
              "uuid": "fc0a11c5-80da-47a6-9e5d-5a5ca9eff293",
              "parentUUID": "e6c0be8b-9038-4373-ada7-8b4402322a2a",
              "isHook": false,
              "skipped": true
            },
            {
              "title": "View Card detail on Pending tab ",
              "fullTitle": "visit Verve Access View Card detail on Pending tab ",
              "timedOut": null,
              "duration": 0,
              "state": "skipped",
              "speed": null,
              "pass": false,
              "fail": false,
              "pending": false,
              "context": null,
              "code": "Cs.setGoToCardPage2();\nCs.setPendingtab(); //Cs.setpickpendingCard1()\n//close Tab\n// cy.wait(6000)\n// Cs.setcloseModal1()\nln.setLogout();\ncy.wait(6000);",
              "err": {},
              "uuid": "e516f89b-af22-4472-aac5-00c07a67d4bf",
              "parentUUID": "e6c0be8b-9038-4373-ada7-8b4402322a2a",
              "isHook": false,
              "skipped": true
            },
            {
              "title": "Search by Complete Artwork on pending tab ",
              "fullTitle": "visit Verve Access Search by Complete Artwork on pending tab ",
              "timedOut": null,
              "duration": 0,
              "state": "skipped",
              "speed": null,
              "pass": false,
              "fail": false,
              "pending": false,
              "context": null,
              "code": "Cs.setGoToCardPage2();\nCs.setPendingtab();\nCs.setSearch(\"TEMPLATE_133225687519972075.pdf\");\nCs.setVerifySearch(\"TEMPLATE_133225687519972075.pdf\");\nln.setLogout();\ncy.wait(6000);",
              "err": {},
              "uuid": "998c8c03-3a11-4e96-8b09-27a690ea2121",
              "parentUUID": "e6c0be8b-9038-4373-ada7-8b4402322a2a",
              "isHook": false,
              "skipped": true
            },
            {
              "title": "Search by inComplete Artwork on pending tab ",
              "fullTitle": "visit Verve Access Search by inComplete Artwork on pending tab ",
              "timedOut": null,
              "duration": 0,
              "state": "skipped",
              "speed": null,
              "pass": false,
              "fail": false,
              "pending": false,
              "context": null,
              "code": "Cs.setGoToCardPage2();\nCs.setPendingtab();\nCs.setSearch(\"ATEMPLATE\"); //Cs.setVerifySearch(\"Art\")\nln.setLogout();\ncy.wait(6000);",
              "err": {},
              "uuid": "607dfad6-1415-48a5-8c9a-49965ddd5abc",
              "parentUUID": "e6c0be8b-9038-4373-ada7-8b4402322a2a",
              "isHook": false,
              "skipped": true
            },
            {
              "title": "Search by Complete Card Type on pending tab",
              "fullTitle": "visit Verve Access Search by Complete Card Type on pending tab",
              "timedOut": null,
              "duration": 0,
              "state": "skipped",
              "speed": null,
              "pass": false,
              "fail": false,
              "pending": false,
              "context": null,
              "code": "Cs.setGoToCardPage2();\nCs.setPendingtab();\nCs.setSearch(\"BNBYK\");\nCs.setVerifySearch(\"BNBYK\");\nln.setLogout();\ncy.wait(6000);",
              "err": {},
              "uuid": "a0a47c4c-5b96-4f26-84b1-6f88c7ace331",
              "parentUUID": "e6c0be8b-9038-4373-ada7-8b4402322a2a",
              "isHook": false,
              "skipped": true
            },
            {
              "title": "Search by inComplete Card Type on pending tab",
              "fullTitle": "visit Verve Access Search by inComplete Card Type on pending tab",
              "timedOut": null,
              "duration": 0,
              "state": "skipped",
              "speed": null,
              "pass": false,
              "fail": false,
              "pending": false,
              "context": null,
              "code": "Cs.setGoToCardPage2();\nCs.setPendingtab();\nCs.setSearch(\"BNB\"); //Cs.setVerifySearch(\"Cre\")\nln.setLogout();\ncy.wait(6000);",
              "err": {},
              "uuid": "97e585d3-2c44-48dd-b804-fe76e1c476f0",
              "parentUUID": "e6c0be8b-9038-4373-ada7-8b4402322a2a",
              "isHook": false,
              "skipped": true
            },
            {
              "title": "View Card detail on Rejected tab ",
              "fullTitle": "visit Verve Access View Card detail on Rejected tab ",
              "timedOut": null,
              "duration": 0,
              "state": "skipped",
              "speed": null,
              "pass": false,
              "fail": false,
              "pending": false,
              "context": null,
              "code": "Cs.setGoToCardPage2();\nCs.setRejectedtab(); //Cs.setpickCard1()\n//close Tab\n// cy.wait(6000)\n//Cs.setcloseModal1()\nln.setLogout();\ncy.wait(6000);",
              "err": {},
              "uuid": "53ad40f0-2c2e-40d1-8064-ce8d74c62dab",
              "parentUUID": "e6c0be8b-9038-4373-ada7-8b4402322a2a",
              "isHook": false,
              "skipped": true
            },
            {
              "title": "Search by Complete Artwork Name on Rejected tab",
              "fullTitle": "visit Verve Access Search by Complete Artwork Name on Rejected tab",
              "timedOut": null,
              "duration": 0,
              "state": "skipped",
              "speed": null,
              "pass": false,
              "fail": false,
              "pending": false,
              "context": null,
              "code": "Cs.setGoToCardPage2();\nCs.setRejectedtab();\nCs.setSearch(\"PAY_ARTWORK_001\");\nCs.setVerifySearch(\"PAY_ARTWORK_001\");\nln.setLogout();\ncy.wait(6000);",
              "err": {},
              "uuid": "f0334c81-4909-48f1-8d9b-b2ced630ef72",
              "parentUUID": "e6c0be8b-9038-4373-ada7-8b4402322a2a",
              "isHook": false,
              "skipped": true
            },
            {
              "title": "Search by inComplete Artwork Name on Rejected tab",
              "fullTitle": "visit Verve Access Search by inComplete Artwork Name on Rejected tab",
              "timedOut": null,
              "duration": 0,
              "state": "skipped",
              "speed": null,
              "pass": false,
              "fail": false,
              "pending": false,
              "context": null,
              "code": "Cs.setGoToCardPage2();\nCs.setRejectedtab();\nCs.setSearch(\"Pay\"); //  Cs.setVerifySearch(\"Art\")\nln.setLogout();\ncy.wait(6000);",
              "err": {},
              "uuid": "4078e514-33e9-4706-8d49-095dd61a0972",
              "parentUUID": "e6c0be8b-9038-4373-ada7-8b4402322a2a",
              "isHook": false,
              "skipped": true
            },
            {
              "title": " Search by Complete Card Type on Rejected tab",
              "fullTitle": "visit Verve Access  Search by Complete Card Type on Rejected tab",
              "timedOut": null,
              "duration": 0,
              "state": "skipped",
              "speed": null,
              "pass": false,
              "fail": false,
              "pending": false,
              "context": null,
              "code": "Cs.setGoToCardPage2();\nCs.setRejectedtab();\nCs.setSearch(\"PREPAID\");\nCs.setVerifySearch(\"PREPAID\");\nln.setLogout();\ncy.wait(6000);",
              "err": {},
              "uuid": "92edda18-9a87-410e-ab04-51051ca8c60e",
              "parentUUID": "e6c0be8b-9038-4373-ada7-8b4402322a2a",
              "isHook": false,
              "skipped": true
            },
            {
              "title": "Search by inComplete Card Type on Rejected tab",
              "fullTitle": "visit Verve Access Search by inComplete Card Type on Rejected tab",
              "timedOut": null,
              "duration": 0,
              "state": "skipped",
              "speed": null,
              "pass": false,
              "fail": false,
              "pending": false,
              "context": null,
              "code": "Cs.setGoToCardPage2();\nCs.setRejectedtab();\nCs.setSearch(\"PRE\");\nCs.setVerifySearch(\"PRE\");\nln.setLogout();\ncy.wait(6000);",
              "err": {},
              "uuid": "8b084add-8aa2-43c8-aaea-6f6f4d73b256",
              "parentUUID": "e6c0be8b-9038-4373-ada7-8b4402322a2a",
              "isHook": false,
              "skipped": true
            },
            {
              "title": "Search by invalid parameter on on inactive tab",
              "fullTitle": "visit Verve Access Search by invalid parameter on on inactive tab",
              "timedOut": null,
              "duration": 0,
              "state": "skipped",
              "speed": null,
              "pass": false,
              "fail": false,
              "pending": false,
              "context": null,
              "code": "Cs.setGoToCardPage2();\nCs.setRejectedtab();\nCs.setSearch(\"trjshdjdh udnskvfki\");\nCs.setVerifySearch(\"No Data to Display\");\nln.setLogout();\ncy.wait(6000);",
              "err": {},
              "uuid": "af668490-e9ac-4bf7-9c12-4169d6420ffa",
              "parentUUID": "e6c0be8b-9038-4373-ada7-8b4402322a2a",
              "isHook": false,
              "skipped": true
            }
          ],
          "suites": [],
          "passes": [],
          "failures": [
            "2714125a-549f-49e6-a91f-a3988ea61893"
          ],
          "pending": [],
          "skipped": [
            "c78302a3-5dbc-4bab-9f0e-e4f3c33934c3",
            "a814931f-241e-44fc-96f9-f26d4b610bb3",
            "b0b5b4e8-0d0b-45db-8fc8-42d22551bb75",
            "6ac926cf-7ffc-440e-b9e5-96a826821ad4",
            "41c6d4f0-5772-4b93-acb1-accf12b5955e",
            "fc0a11c5-80da-47a6-9e5d-5a5ca9eff293",
            "e516f89b-af22-4472-aac5-00c07a67d4bf",
            "998c8c03-3a11-4e96-8b09-27a690ea2121",
            "607dfad6-1415-48a5-8c9a-49965ddd5abc",
            "a0a47c4c-5b96-4f26-84b1-6f88c7ace331",
            "97e585d3-2c44-48dd-b804-fe76e1c476f0",
            "53ad40f0-2c2e-40d1-8064-ce8d74c62dab",
            "f0334c81-4909-48f1-8d9b-b2ced630ef72",
            "4078e514-33e9-4706-8d49-095dd61a0972",
            "92edda18-9a87-410e-ab04-51051ca8c60e",
            "8b084add-8aa2-43c8-aaea-6f6f4d73b256",
            "af668490-e9ac-4bf7-9c12-4169d6420ffa"
          ],
          "duration": 29058,
          "root": false,
          "rootEmpty": false,
          "_timeout": 2000
        }
      ],
      "passes": [],
      "failures": [],
      "pending": [],
      "skipped": [],
      "duration": 0,
      "root": true,
      "rootEmpty": true,
      "_timeout": 2000
    }
  ],
  "meta": {
    "mocha": {
      "version": "7.0.1"
    },
    "mochawesome": {
      "options": {
        "quiet": false,
        "reportFilename": "mochawesome",
        "saveHtml": true,
        "saveJson": true,
        "consoleReporter": "spec",
        "useInlineDiffs": false,
        "code": true
      },
      "version": "7.1.3"
    },
    "marge": {
      "options": {
        "id": "default",
        "reportDir": "cypress/reports/mocha",
        "mochaFile": "cypress/reports/results/my-test-output-[hash].xml",
        "quite": true,
        "overwrite": false,
        "html": true,
        "json": true
      },
      "version": "6.2.0"
    }
  }
}