{
  "stats": {
    "suites": 1,
    "tests": 12,
    "passes": 12,
    "pending": 0,
    "failures": 0,
    "start": "2023-08-22T13:35:47.579Z",
    "end": "2023-08-22T13:43:38.378Z",
    "duration": 470799,
    "testsRegistered": 12,
    "passPercent": 100,
    "pendingPercent": 0,
    "other": 0,
    "hasOther": false,
    "skipped": 0,
    "hasSkipped": false
  },
  "results": [
    {
      "uuid": "6bdc8901-5e2e-44fb-946b-4f0347b44aac",
      "title": "",
      "fullFile": "cypress\\e2e\\VerveAccess-UI-Tests-UAT\\B-CorporateAdminUATTests\\Guides.cy.js",
      "file": "cypress\\e2e\\VerveAccess-UI-Tests-UAT\\B-CorporateAdminUATTests\\Guides.cy.js",
      "beforeHooks": [],
      "afterHooks": [],
      "tests": [],
      "suites": [
        {
          "uuid": "31d09fa6-bfb9-4719-b26b-50cabe72af84",
          "title": "visit Verve Access",
          "fullFile": "",
          "file": "",
          "beforeHooks": [],
          "afterHooks": [],
          "tests": [
            {
              "title": "should Verify User Role",
              "fullTitle": "visit Verve Access should Verify User Role",
              "timedOut": null,
              "duration": 38247,
              "state": "passed",
              "speed": "slow",
              "pass": true,
              "fail": false,
              "pending": false,
              "context": null,
              "code": "cy.get('.ant-dropdown-link > .sidebar-svg').click().wait(3000);\ncy.contains('CORPORATE_ADMIN').should('be.visible');\ncy.get('.red').click();\ncy.wait(6000); //ln.setLogout()",
              "err": {},
              "uuid": "9ae38301-d86d-402f-815b-2a8337bd5c6c",
              "parentUUID": "31d09fa6-bfb9-4719-b26b-50cabe72af84",
              "isHook": false,
              "skipped": false
            },
            {
              "title": "should View guides section from the dashboard after login ",
              "fullTitle": "visit Verve Access should View guides section from the dashboard after login ",
              "timedOut": null,
              "duration": 36696,
              "state": "passed",
              "speed": "slow",
              "pass": true,
              "fail": false,
              "pending": false,
              "context": null,
              "code": "//Views the guides section, views all categories from the dashboard and views category guides from the dashboard\nguide.GetDashboardGuidesSection();\nguide.ViewAllGuidesFromDashboard();\nguide.ViewCategoryGuidesFromDashboard();\nln.setLogout();",
              "err": {},
              "uuid": "8c14283e-1db1-4bc1-849e-888ee5c0bad7",
              "parentUUID": "31d09fa6-bfb9-4719-b26b-50cabe72af84",
              "isHook": false,
              "skipped": false
            },
            {
              "title": "should view the guides page ",
              "fullTitle": "visit Verve Access should view the guides page ",
              "timedOut": null,
              "duration": 37592,
              "state": "passed",
              "speed": "slow",
              "pass": true,
              "fail": false,
              "pending": false,
              "context": null,
              "code": "//View the Guides Page\nguide.GoToAdminGuidesPage();\nln.setLogout();",
              "err": {},
              "uuid": "2b348ccd-9faf-4781-ab80-8c9a17916503",
              "parentUUID": "31d09fa6-bfb9-4719-b26b-50cabe72af84",
              "isHook": false,
              "skipped": false
            },
            {
              "title": "should view the category guides page ",
              "fullTitle": "visit Verve Access should view the category guides page ",
              "timedOut": null,
              "duration": 34846,
              "state": "passed",
              "speed": "slow",
              "pass": true,
              "fail": false,
              "pending": false,
              "context": null,
              "code": "//View the Guides uploaded for the selected category\nguide.GoToAdminCategoryGuidesPage();\nln.setLogout();",
              "err": {},
              "uuid": "e993e380-8825-4be8-b90b-db5fee7eff56",
              "parentUUID": "31d09fa6-bfb9-4719-b26b-50cabe72af84",
              "isHook": false,
              "skipped": false
            },
            {
              "title": "should download selected guide from a category ",
              "fullTitle": "visit Verve Access should download selected guide from a category ",
              "timedOut": null,
              "duration": 51636,
              "state": "passed",
              "speed": "slow",
              "pass": true,
              "fail": false,
              "pending": false,
              "context": null,
              "code": "//Download an uploaded guide\nguide.DownloadAdminGuide();\ncy.wait(16000);\nln.setLogout();",
              "err": {},
              "uuid": "f6e90a9b-c1ea-4b35-883a-5f0df7aee3af",
              "parentUUID": "31d09fa6-bfb9-4719-b26b-50cabe72af84",
              "isHook": false,
              "skipped": false
            },
            {
              "title": "should search for an existing category ",
              "fullTitle": "visit Verve Access should search for an existing category ",
              "timedOut": null,
              "duration": 39912,
              "state": "passed",
              "speed": "slow",
              "pass": true,
              "fail": false,
              "pending": false,
              "context": null,
              "code": "//Search for an existing category on the Guides Page\nguide.GoToAdminGuidesPage();\nguide.SearchGuides('Scheme Rules');\nguide.SetVerifySearch('Scheme Rules');\nln.setLogout();",
              "err": {},
              "uuid": "a8c097f7-87d3-48c2-8667-432b8f59cc89",
              "parentUUID": "31d09fa6-bfb9-4719-b26b-50cabe72af84",
              "isHook": false,
              "skipped": false
            },
            {
              "title": "should search for a non-existing category ",
              "fullTitle": "visit Verve Access should search for a non-existing category ",
              "timedOut": null,
              "duration": 40770,
              "state": "passed",
              "speed": "slow",
              "pass": true,
              "fail": false,
              "pending": false,
              "context": null,
              "code": "//Search for a non-existing category on the Guides Page\nguide.GoToAdminGuidesPage();\nguide.SearchGuides('Non-existing Category');\nguide.VerifyNoResultsReturned();\nln.setLogout();",
              "err": {},
              "uuid": "5db0e5a4-0723-4011-8eb7-83c3ac485684",
              "parentUUID": "31d09fa6-bfb9-4719-b26b-50cabe72af84",
              "isHook": false,
              "skipped": false
            },
            {
              "title": "should search for an existing category without guides uploaded for the organizationType",
              "fullTitle": "visit Verve Access should search for an existing category without guides uploaded for the organizationType",
              "timedOut": null,
              "duration": 41816,
              "state": "passed",
              "speed": "slow",
              "pass": true,
              "fail": false,
              "pending": false,
              "context": null,
              "code": "//Search for a existing category on the Guides Page that does not have categories uploaded for the user's organization type\nguide.GoToAdminGuidesPage();\nguide.SearchGuides('Card Perso Category');\nguide.VerifyNoResultsReturned();\nln.setLogout();",
              "err": {},
              "uuid": "a1d08c02-745e-4552-9a8c-82bfdec497a6",
              "parentUUID": "31d09fa6-bfb9-4719-b26b-50cabe72af84",
              "isHook": false,
              "skipped": false
            },
            {
              "title": "should search for existing guides within a category ",
              "fullTitle": "visit Verve Access should search for existing guides within a category ",
              "timedOut": null,
              "duration": 39238,
              "state": "passed",
              "speed": "slow",
              "pass": true,
              "fail": false,
              "pending": false,
              "context": null,
              "code": "//Search for guides existing within the selected category\nguide.GoToAdminCategoryGuidesPage();\nguide.SearchGuides('Verve Scheme_Guides');\nguide.SetVerifySearch('Verve Scheme_Guides');\nln.setLogout();",
              "err": {},
              "uuid": "6e26185c-91c8-4d46-a3f3-e3c3232c85ed",
              "parentUUID": "31d09fa6-bfb9-4719-b26b-50cabe72af84",
              "isHook": false,
              "skipped": false
            },
            {
              "title": "should search for guides not existing within the selected category ",
              "fullTitle": "visit Verve Access should search for guides not existing within the selected category ",
              "timedOut": null,
              "duration": 36660,
              "state": "passed",
              "speed": "slow",
              "pass": true,
              "fail": false,
              "pending": false,
              "context": null,
              "code": "//Search for guides not existing within the selected category but uploaded for the same organization Type of the user\nguide.GoToAdminCategoryGuidesPage();\nguide.SearchGuides('Issuer_Guides-88590');\nguide.VerifyNoResultsReturned();\nln.setLogout();",
              "err": {},
              "uuid": "18f3f596-809c-4d6f-ac95-e4c8878fd593",
              "parentUUID": "31d09fa6-bfb9-4719-b26b-50cabe72af84",
              "isHook": false,
              "skipped": false
            },
            {
              "title": "should search for existing guides within a category uploaded for a different organization type",
              "fullTitle": "visit Verve Access should search for existing guides within a category uploaded for a different organization type",
              "timedOut": null,
              "duration": 36036,
              "state": "passed",
              "speed": "slow",
              "pass": true,
              "fail": false,
              "pending": false,
              "context": null,
              "code": "//Search for guides existing within the selected category but uploaded for a different organization Type\nguide.GoToAdminCategoryGuidesPage();\nguide.SearchGuides('Corporate_Guides-63694');\nguide.VerifyNoResultsReturned();\nln.setLogout();",
              "err": {},
              "uuid": "1674eb9f-73e7-4c42-8fb7-8b16213aedb4",
              "parentUUID": "31d09fa6-bfb9-4719-b26b-50cabe72af84",
              "isHook": false,
              "skipped": false
            },
            {
              "title": "should search for existing guides within a category uploaded for a different organization type",
              "fullTitle": "visit Verve Access should search for existing guides within a category uploaded for a different organization type",
              "timedOut": null,
              "duration": 36298,
              "state": "passed",
              "speed": "slow",
              "pass": true,
              "fail": false,
              "pending": false,
              "context": null,
              "code": "//Search for non-existing guides\nguide.GoToAdminCategoryGuidesPage();\nguide.SearchGuides('UserManual00001');\nguide.VerifyNoResultsReturned();\nln.setLogout();",
              "err": {},
              "uuid": "09027015-0004-4b2a-a91e-2228fb0ba20f",
              "parentUUID": "31d09fa6-bfb9-4719-b26b-50cabe72af84",
              "isHook": false,
              "skipped": false
            }
          ],
          "suites": [],
          "passes": [
            "9ae38301-d86d-402f-815b-2a8337bd5c6c",
            "8c14283e-1db1-4bc1-849e-888ee5c0bad7",
            "2b348ccd-9faf-4781-ab80-8c9a17916503",
            "e993e380-8825-4be8-b90b-db5fee7eff56",
            "f6e90a9b-c1ea-4b35-883a-5f0df7aee3af",
            "a8c097f7-87d3-48c2-8667-432b8f59cc89",
            "5db0e5a4-0723-4011-8eb7-83c3ac485684",
            "a1d08c02-745e-4552-9a8c-82bfdec497a6",
            "6e26185c-91c8-4d46-a3f3-e3c3232c85ed",
            "18f3f596-809c-4d6f-ac95-e4c8878fd593",
            "1674eb9f-73e7-4c42-8fb7-8b16213aedb4",
            "09027015-0004-4b2a-a91e-2228fb0ba20f"
          ],
          "failures": [],
          "pending": [],
          "skipped": [],
          "duration": 469747,
          "root": false,
          "rootEmpty": false,
          "_timeout": 2000
        }
      ],
      "passes": [],
      "failures": [],
      "pending": [],
      "skipped": [],
      "duration": 0,
      "root": true,
      "rootEmpty": true,
      "_timeout": 2000
    }
  ],
  "meta": {
    "mocha": {
      "version": "7.0.1"
    },
    "mochawesome": {
      "options": {
        "quiet": false,
        "reportFilename": "mochawesome",
        "saveHtml": true,
        "saveJson": true,
        "consoleReporter": "spec",
        "useInlineDiffs": false,
        "code": true
      },
      "version": "7.1.3"
    },
    "marge": {
      "options": {
        "id": "default",
        "reportDir": "cypress/reports/mocha",
        "mochaFile": "cypress/reports/results/my-test-output-[hash].xml",
        "quite": true,
        "overwrite": false,
        "html": true,
        "json": true
      },
      "version": "6.2.0"
    }
  }
}